2021-10-27 10:47:58.600 WARN  com.zaxxer.hikari.pool.HikariPool                 :787  [32m        [0;39m HikariPool-1 - Thread starvation or clock leap detected (housekeeper delta=18h35m39s120ms).
2021-10-27 10:49:52.414 INFO  c.n.d.shared.resolver.aws.ConfigClusterResolver   :43   [32m        [0;39m Resolving eureka endpoints via configuration
2021-10-27 10:54:52.421 INFO  c.n.d.shared.resolver.aws.ConfigClusterResolver   :43   [32m        [0;39m Resolving eureka endpoints via configuration
2021-10-27 10:55:25.570 WARN  com.zaxxer.hikari.pool.HikariPool                 :779  [32m        [0;39m HikariPool-1 - Retrograde clock change detected (housekeeper delta=26s903ms), soft-evicting connections from pool.
2021-10-27 10:59:49.325 INFO  c.n.d.shared.resolver.aws.ConfigClusterResolver   :43   [32m        [0;39m Resolving eureka endpoints via configuration
2021-10-27 11:03:06.969 DEBUG c.c.s.mapper.ChapterMapper.selectByExample_COUNT  :159  [32m        [0;39m ==>  Preparing: SELECT count(0) FROM chapter 
2021-10-27 11:03:06.970 DEBUG c.c.s.mapper.ChapterMapper.selectByExample_COUNT  :159  [32m        [0;39m ==> Parameters: 
2021-10-27 11:03:06.972 TRACE c.c.s.mapper.ChapterMapper.selectByExample_COUNT  :165  [32m        [0;39m <==    Columns: count(0)
2021-10-27 11:03:06.973 TRACE c.c.s.mapper.ChapterMapper.selectByExample_COUNT  :165  [32m        [0;39m <==        Row: 2
2021-10-27 11:03:06.973 DEBUG c.c.s.mapper.ChapterMapper.selectByExample_COUNT  :159  [32m        [0;39m <==      Total: 1
2021-10-27 11:03:06.974 DEBUG c.c.server.mapper.ChapterMapper.selectByExample   :159  [32m        [0;39m ==>  Preparing: select id, course_id, name from chapter LIMIT ? 
2021-10-27 11:03:06.975 DEBUG c.c.server.mapper.ChapterMapper.selectByExample   :159  [32m        [0;39m ==> Parameters: 1(Integer)
2021-10-27 11:03:06.976 TRACE c.c.server.mapper.ChapterMapper.selectByExample   :165  [32m        [0;39m <==    Columns: id, course_id, name
2021-10-27 11:03:06.976 TRACE c.c.server.mapper.ChapterMapper.selectByExample   :165  [32m        [0;39m <==        Row: 001, 1, Java
2021-10-27 11:03:06.977 DEBUG c.c.server.mapper.ChapterMapper.selectByExample   :159  [32m        [0;39m <==      Total: 1
2021-10-27 11:03:46.190 DEBUG c.c.s.mapper.ChapterMapper.selectByExample_COUNT  :159  [32m        [0;39m ==>  Preparing: SELECT count(0) FROM chapter 
2021-10-27 11:03:46.190 DEBUG c.c.s.mapper.ChapterMapper.selectByExample_COUNT  :159  [32m        [0;39m ==> Parameters: 
2021-10-27 11:03:46.193 TRACE c.c.s.mapper.ChapterMapper.selectByExample_COUNT  :165  [32m        [0;39m <==    Columns: count(0)
2021-10-27 11:03:46.193 TRACE c.c.s.mapper.ChapterMapper.selectByExample_COUNT  :165  [32m        [0;39m <==        Row: 2
2021-10-27 11:03:46.194 DEBUG c.c.s.mapper.ChapterMapper.selectByExample_COUNT  :159  [32m        [0;39m <==      Total: 1
2021-10-27 11:03:46.195 DEBUG c.c.server.mapper.ChapterMapper.selectByExample   :159  [32m        [0;39m ==>  Preparing: select id, course_id, name from chapter LIMIT ? 
2021-10-27 11:03:46.196 DEBUG c.c.server.mapper.ChapterMapper.selectByExample   :159  [32m        [0;39m ==> Parameters: 1(Integer)
2021-10-27 11:03:46.197 TRACE c.c.server.mapper.ChapterMapper.selectByExample   :165  [32m        [0;39m <==    Columns: id, course_id, name
2021-10-27 11:03:46.197 TRACE c.c.server.mapper.ChapterMapper.selectByExample   :165  [32m        [0;39m <==        Row: 001, 1, Java
2021-10-27 11:03:46.199 DEBUG c.c.server.mapper.ChapterMapper.selectByExample   :159  [32m        [0;39m <==      Total: 1
2021-10-27 11:04:49.329 INFO  c.n.d.shared.resolver.aws.ConfigClusterResolver   :43   [32m        [0;39m Resolving eureka endpoints via configuration
2021-10-27 11:05:12.941 DEBUG c.c.s.mapper.ChapterMapper.selectByExample_COUNT  :159  [32m        [0;39m ==>  Preparing: SELECT count(0) FROM chapter 
2021-10-27 11:05:12.942 DEBUG c.c.s.mapper.ChapterMapper.selectByExample_COUNT  :159  [32m        [0;39m ==> Parameters: 
2021-10-27 11:05:12.944 TRACE c.c.s.mapper.ChapterMapper.selectByExample_COUNT  :165  [32m        [0;39m <==    Columns: count(0)
2021-10-27 11:05:12.945 TRACE c.c.s.mapper.ChapterMapper.selectByExample_COUNT  :165  [32m        [0;39m <==        Row: 2
2021-10-27 11:05:12.945 DEBUG c.c.s.mapper.ChapterMapper.selectByExample_COUNT  :159  [32m        [0;39m <==      Total: 1
2021-10-27 11:05:12.946 DEBUG c.c.server.mapper.ChapterMapper.selectByExample   :159  [32m        [0;39m ==>  Preparing: select id, course_id, name from chapter LIMIT ? 
2021-10-27 11:05:12.946 DEBUG c.c.server.mapper.ChapterMapper.selectByExample   :159  [32m        [0;39m ==> Parameters: 1(Integer)
2021-10-27 11:05:12.948 TRACE c.c.server.mapper.ChapterMapper.selectByExample   :165  [32m        [0;39m <==    Columns: id, course_id, name
2021-10-27 11:05:12.948 TRACE c.c.server.mapper.ChapterMapper.selectByExample   :165  [32m        [0;39m <==        Row: 001, 1, Java
2021-10-27 11:05:12.949 DEBUG c.c.server.mapper.ChapterMapper.selectByExample   :159  [32m        [0;39m <==      Total: 1
2021-10-27 11:05:15.460 DEBUG c.c.s.mapper.ChapterMapper.selectByExample_COUNT  :159  [32m        [0;39m ==>  Preparing: SELECT count(0) FROM chapter 
2021-10-27 11:05:15.461 DEBUG c.c.s.mapper.ChapterMapper.selectByExample_COUNT  :159  [32m        [0;39m ==> Parameters: 
2021-10-27 11:05:15.463 TRACE c.c.s.mapper.ChapterMapper.selectByExample_COUNT  :165  [32m        [0;39m <==    Columns: count(0)
2021-10-27 11:05:15.463 TRACE c.c.s.mapper.ChapterMapper.selectByExample_COUNT  :165  [32m        [0;39m <==        Row: 2
2021-10-27 11:05:15.464 DEBUG c.c.s.mapper.ChapterMapper.selectByExample_COUNT  :159  [32m        [0;39m <==      Total: 1
2021-10-27 11:05:15.465 DEBUG c.c.server.mapper.ChapterMapper.selectByExample   :159  [32m        [0;39m ==>  Preparing: select id, course_id, name from chapter LIMIT ? 
2021-10-27 11:05:15.466 DEBUG c.c.server.mapper.ChapterMapper.selectByExample   :159  [32m        [0;39m ==> Parameters: 1(Integer)
2021-10-27 11:05:15.467 TRACE c.c.server.mapper.ChapterMapper.selectByExample   :165  [32m        [0;39m <==    Columns: id, course_id, name
2021-10-27 11:05:15.468 TRACE c.c.server.mapper.ChapterMapper.selectByExample   :165  [32m        [0;39m <==        Row: 001, 1, Java
2021-10-27 11:05:15.468 DEBUG c.c.server.mapper.ChapterMapper.selectByExample   :159  [32m        [0;39m <==      Total: 1
2021-10-27 11:05:16.707 DEBUG c.c.s.mapper.ChapterMapper.selectByExample_COUNT  :159  [32m        [0;39m ==>  Preparing: SELECT count(0) FROM chapter 
2021-10-27 11:05:16.709 DEBUG c.c.s.mapper.ChapterMapper.selectByExample_COUNT  :159  [32m        [0;39m ==> Parameters: 
2021-10-27 11:05:16.711 TRACE c.c.s.mapper.ChapterMapper.selectByExample_COUNT  :165  [32m        [0;39m <==    Columns: count(0)
2021-10-27 11:05:16.712 TRACE c.c.s.mapper.ChapterMapper.selectByExample_COUNT  :165  [32m        [0;39m <==        Row: 2
2021-10-27 11:05:16.713 DEBUG c.c.s.mapper.ChapterMapper.selectByExample_COUNT  :159  [32m        [0;39m <==      Total: 1
2021-10-27 11:05:16.714 DEBUG c.c.server.mapper.ChapterMapper.selectByExample   :159  [32m        [0;39m ==>  Preparing: select id, course_id, name from chapter LIMIT ? 
2021-10-27 11:05:16.714 DEBUG c.c.server.mapper.ChapterMapper.selectByExample   :159  [32m        [0;39m ==> Parameters: 1(Integer)
2021-10-27 11:05:16.716 TRACE c.c.server.mapper.ChapterMapper.selectByExample   :165  [32m        [0;39m <==    Columns: id, course_id, name
2021-10-27 11:05:16.717 TRACE c.c.server.mapper.ChapterMapper.selectByExample   :165  [32m        [0;39m <==        Row: 001, 1, Java
2021-10-27 11:05:16.717 DEBUG c.c.server.mapper.ChapterMapper.selectByExample   :159  [32m        [0;39m <==      Total: 1
2021-10-27 11:05:17.709 DEBUG c.c.s.mapper.ChapterMapper.selectByExample_COUNT  :159  [32m        [0;39m ==>  Preparing: SELECT count(0) FROM chapter 
2021-10-27 11:05:17.710 DEBUG c.c.s.mapper.ChapterMapper.selectByExample_COUNT  :159  [32m        [0;39m ==> Parameters: 
2021-10-27 11:05:17.711 TRACE c.c.s.mapper.ChapterMapper.selectByExample_COUNT  :165  [32m        [0;39m <==    Columns: count(0)
2021-10-27 11:05:17.712 TRACE c.c.s.mapper.ChapterMapper.selectByExample_COUNT  :165  [32m        [0;39m <==        Row: 2
2021-10-27 11:05:17.713 DEBUG c.c.s.mapper.ChapterMapper.selectByExample_COUNT  :159  [32m        [0;39m <==      Total: 1
2021-10-27 11:05:17.713 DEBUG c.c.server.mapper.ChapterMapper.selectByExample   :159  [32m        [0;39m ==>  Preparing: select id, course_id, name from chapter LIMIT ? 
2021-10-27 11:05:17.714 DEBUG c.c.server.mapper.ChapterMapper.selectByExample   :159  [32m        [0;39m ==> Parameters: 1(Integer)
2021-10-27 11:05:17.715 TRACE c.c.server.mapper.ChapterMapper.selectByExample   :165  [32m        [0;39m <==    Columns: id, course_id, name
2021-10-27 11:05:17.715 TRACE c.c.server.mapper.ChapterMapper.selectByExample   :165  [32m        [0;39m <==        Row: 001, 1, Java
2021-10-27 11:05:17.716 DEBUG c.c.server.mapper.ChapterMapper.selectByExample   :159  [32m        [0;39m <==      Total: 1
2021-10-27 11:09:49.335 INFO  c.n.d.shared.resolver.aws.ConfigClusterResolver   :43   [32m        [0;39m Resolving eureka endpoints via configuration
2021-10-27 11:13:37.073 DEBUG c.c.s.mapper.ChapterMapper.selectByExample_COUNT  :159  [32m        [0;39m ==>  Preparing: SELECT count(0) FROM chapter 
2021-10-27 11:13:37.073 DEBUG c.c.s.mapper.ChapterMapper.selectByExample_COUNT  :159  [32m        [0;39m ==> Parameters: 
2021-10-27 11:13:37.075 TRACE c.c.s.mapper.ChapterMapper.selectByExample_COUNT  :165  [32m        [0;39m <==    Columns: count(0)
2021-10-27 11:13:37.076 TRACE c.c.s.mapper.ChapterMapper.selectByExample_COUNT  :165  [32m        [0;39m <==        Row: 19
2021-10-27 11:13:37.076 DEBUG c.c.s.mapper.ChapterMapper.selectByExample_COUNT  :159  [32m        [0;39m <==      Total: 1
2021-10-27 11:13:37.078 DEBUG c.c.server.mapper.ChapterMapper.selectByExample   :159  [32m        [0;39m ==>  Preparing: select id, course_id, name from chapter LIMIT ? 
2021-10-27 11:13:37.078 DEBUG c.c.server.mapper.ChapterMapper.selectByExample   :159  [32m        [0;39m ==> Parameters: 1(Integer)
2021-10-27 11:13:37.080 TRACE c.c.server.mapper.ChapterMapper.selectByExample   :165  [32m        [0;39m <==    Columns: id, course_id, name
2021-10-27 11:13:37.080 TRACE c.c.server.mapper.ChapterMapper.selectByExample   :165  [32m        [0;39m <==        Row: 000001, 000000, test001
2021-10-27 11:13:37.081 DEBUG c.c.server.mapper.ChapterMapper.selectByExample   :159  [32m        [0;39m <==      Total: 1
2021-10-27 11:13:40.244 DEBUG c.c.s.mapper.ChapterMapper.selectByExample_COUNT  :159  [32m        [0;39m ==>  Preparing: SELECT count(0) FROM chapter 
2021-10-27 11:13:40.245 DEBUG c.c.s.mapper.ChapterMapper.selectByExample_COUNT  :159  [32m        [0;39m ==> Parameters: 
2021-10-27 11:13:40.247 TRACE c.c.s.mapper.ChapterMapper.selectByExample_COUNT  :165  [32m        [0;39m <==    Columns: count(0)
2021-10-27 11:13:40.247 TRACE c.c.s.mapper.ChapterMapper.selectByExample_COUNT  :165  [32m        [0;39m <==        Row: 19
2021-10-27 11:13:40.247 DEBUG c.c.s.mapper.ChapterMapper.selectByExample_COUNT  :159  [32m        [0;39m <==      Total: 1
2021-10-27 11:13:40.248 DEBUG c.c.server.mapper.ChapterMapper.selectByExample   :159  [32m        [0;39m ==>  Preparing: select id, course_id, name from chapter LIMIT ? 
2021-10-27 11:13:40.249 DEBUG c.c.server.mapper.ChapterMapper.selectByExample   :159  [32m        [0;39m ==> Parameters: 1(Integer)
2021-10-27 11:13:40.250 TRACE c.c.server.mapper.ChapterMapper.selectByExample   :165  [32m        [0;39m <==    Columns: id, course_id, name
2021-10-27 11:13:40.250 TRACE c.c.server.mapper.ChapterMapper.selectByExample   :165  [32m        [0;39m <==        Row: 000001, 000000, test001
2021-10-27 11:13:40.251 DEBUG c.c.server.mapper.ChapterMapper.selectByExample   :159  [32m        [0;39m <==      Total: 1
2021-10-27 11:13:49.933 DEBUG c.c.s.mapper.ChapterMapper.selectByExample_COUNT  :159  [32m        [0;39m ==>  Preparing: SELECT count(0) FROM chapter 
2021-10-27 11:13:49.935 DEBUG c.c.s.mapper.ChapterMapper.selectByExample_COUNT  :159  [32m        [0;39m ==> Parameters: 
2021-10-27 11:13:49.938 TRACE c.c.s.mapper.ChapterMapper.selectByExample_COUNT  :165  [32m        [0;39m <==    Columns: count(0)
2021-10-27 11:13:49.938 TRACE c.c.s.mapper.ChapterMapper.selectByExample_COUNT  :165  [32m        [0;39m <==        Row: 19
2021-10-27 11:13:49.938 DEBUG c.c.s.mapper.ChapterMapper.selectByExample_COUNT  :159  [32m        [0;39m <==      Total: 1
2021-10-27 11:13:49.939 DEBUG c.c.server.mapper.ChapterMapper.selectByExample   :159  [32m        [0;39m ==>  Preparing: select id, course_id, name from chapter LIMIT ? 
2021-10-27 11:13:49.939 DEBUG c.c.server.mapper.ChapterMapper.selectByExample   :159  [32m        [0;39m ==> Parameters: 1(Integer)
2021-10-27 11:13:49.940 TRACE c.c.server.mapper.ChapterMapper.selectByExample   :165  [32m        [0;39m <==    Columns: id, course_id, name
2021-10-27 11:13:49.941 TRACE c.c.server.mapper.ChapterMapper.selectByExample   :165  [32m        [0;39m <==        Row: 000001, 000000, test001
2021-10-27 11:13:49.941 DEBUG c.c.server.mapper.ChapterMapper.selectByExample   :159  [32m        [0;39m <==      Total: 1
2021-10-27 11:13:50.407 DEBUG c.c.s.mapper.ChapterMapper.selectByExample_COUNT  :159  [32m        [0;39m ==>  Preparing: SELECT count(0) FROM chapter 
2021-10-27 11:13:50.408 DEBUG c.c.s.mapper.ChapterMapper.selectByExample_COUNT  :159  [32m        [0;39m ==> Parameters: 
2021-10-27 11:13:50.410 TRACE c.c.s.mapper.ChapterMapper.selectByExample_COUNT  :165  [32m        [0;39m <==    Columns: count(0)
2021-10-27 11:13:50.410 TRACE c.c.s.mapper.ChapterMapper.selectByExample_COUNT  :165  [32m        [0;39m <==        Row: 19
2021-10-27 11:13:50.411 DEBUG c.c.s.mapper.ChapterMapper.selectByExample_COUNT  :159  [32m        [0;39m <==      Total: 1
2021-10-27 11:13:50.412 DEBUG c.c.server.mapper.ChapterMapper.selectByExample   :159  [32m        [0;39m ==>  Preparing: select id, course_id, name from chapter LIMIT ? 
2021-10-27 11:13:50.412 DEBUG c.c.server.mapper.ChapterMapper.selectByExample   :159  [32m        [0;39m ==> Parameters: 1(Integer)
2021-10-27 11:13:50.413 TRACE c.c.server.mapper.ChapterMapper.selectByExample   :165  [32m        [0;39m <==    Columns: id, course_id, name
2021-10-27 11:13:50.414 TRACE c.c.server.mapper.ChapterMapper.selectByExample   :165  [32m        [0;39m <==        Row: 000001, 000000, test001
2021-10-27 11:13:50.414 DEBUG c.c.server.mapper.ChapterMapper.selectByExample   :159  [32m        [0;39m <==      Total: 1
2021-10-27 11:13:50.597 DEBUG c.c.s.mapper.ChapterMapper.selectByExample_COUNT  :159  [32m        [0;39m ==>  Preparing: SELECT count(0) FROM chapter 
2021-10-27 11:13:50.598 DEBUG c.c.s.mapper.ChapterMapper.selectByExample_COUNT  :159  [32m        [0;39m ==> Parameters: 
2021-10-27 11:13:50.599 TRACE c.c.s.mapper.ChapterMapper.selectByExample_COUNT  :165  [32m        [0;39m <==    Columns: count(0)
2021-10-27 11:13:50.600 TRACE c.c.s.mapper.ChapterMapper.selectByExample_COUNT  :165  [32m        [0;39m <==        Row: 19
2021-10-27 11:13:50.600 DEBUG c.c.s.mapper.ChapterMapper.selectByExample_COUNT  :159  [32m        [0;39m <==      Total: 1
2021-10-27 11:13:50.601 DEBUG c.c.server.mapper.ChapterMapper.selectByExample   :159  [32m        [0;39m ==>  Preparing: select id, course_id, name from chapter LIMIT ? 
2021-10-27 11:13:50.602 DEBUG c.c.server.mapper.ChapterMapper.selectByExample   :159  [32m        [0;39m ==> Parameters: 1(Integer)
2021-10-27 11:13:50.603 TRACE c.c.server.mapper.ChapterMapper.selectByExample   :165  [32m        [0;39m <==    Columns: id, course_id, name
2021-10-27 11:13:50.603 TRACE c.c.server.mapper.ChapterMapper.selectByExample   :165  [32m        [0;39m <==        Row: 000001, 000000, test001
2021-10-27 11:13:50.603 DEBUG c.c.server.mapper.ChapterMapper.selectByExample   :159  [32m        [0;39m <==      Total: 1
2021-10-27 11:14:49.319 INFO  c.n.d.shared.resolver.aws.ConfigClusterResolver   :43   [32m        [0;39m Resolving eureka endpoints via configuration
2021-10-27 11:19:49.322 INFO  c.n.d.shared.resolver.aws.ConfigClusterResolver   :43   [32m        [0;39m Resolving eureka endpoints via configuration
2021-10-27 11:24:49.325 INFO  c.n.d.shared.resolver.aws.ConfigClusterResolver   :43   [32m        [0;39m Resolving eureka endpoints via configuration
2021-10-27 11:29:49.307 INFO  c.n.d.shared.resolver.aws.ConfigClusterResolver   :43   [32m        [0;39m Resolving eureka endpoints via configuration
2021-10-27 11:34:49.315 INFO  c.n.d.shared.resolver.aws.ConfigClusterResolver   :43   [32m        [0;39m Resolving eureka endpoints via configuration
2021-10-27 11:39:49.322 INFO  c.n.d.shared.resolver.aws.ConfigClusterResolver   :43   [32m        [0;39m Resolving eureka endpoints via configuration
2021-10-27 11:43:55.872 DEBUG c.c.s.mapper.ChapterMapper.selectByExample_COUNT  :159  [32m        [0;39m ==>  Preparing: SELECT count(0) FROM chapter 
2021-10-27 11:43:55.876 DEBUG c.c.s.mapper.ChapterMapper.selectByExample_COUNT  :159  [32m        [0;39m ==> Parameters: 
2021-10-27 11:43:55.880 TRACE c.c.s.mapper.ChapterMapper.selectByExample_COUNT  :165  [32m        [0;39m <==    Columns: count(0)
2021-10-27 11:43:55.880 TRACE c.c.s.mapper.ChapterMapper.selectByExample_COUNT  :165  [32m        [0;39m <==        Row: 19
2021-10-27 11:43:55.881 DEBUG c.c.s.mapper.ChapterMapper.selectByExample_COUNT  :159  [32m        [0;39m <==      Total: 1
2021-10-27 11:43:55.882 DEBUG c.c.server.mapper.ChapterMapper.selectByExample   :159  [32m        [0;39m ==>  Preparing: select id, course_id, name from chapter LIMIT ? 
2021-10-27 11:43:55.888 DEBUG c.c.server.mapper.ChapterMapper.selectByExample   :159  [32m        [0;39m ==> Parameters: 5(Integer)
2021-10-27 11:43:55.891 TRACE c.c.server.mapper.ChapterMapper.selectByExample   :165  [32m        [0;39m <==    Columns: id, course_id, name
2021-10-27 11:43:55.891 TRACE c.c.server.mapper.ChapterMapper.selectByExample   :165  [32m        [0;39m <==        Row: 000001, 000000, test001
2021-10-27 11:43:55.894 TRACE c.c.server.mapper.ChapterMapper.selectByExample   :165  [32m        [0;39m <==        Row: 000002, 000000, test002
2021-10-27 11:43:55.895 TRACE c.c.server.mapper.ChapterMapper.selectByExample   :165  [32m        [0;39m <==        Row: 000003, 000000, test003
2021-10-27 11:43:55.895 TRACE c.c.server.mapper.ChapterMapper.selectByExample   :165  [32m        [0;39m <==        Row: 000004, 000000, test004
2021-10-27 11:43:55.896 TRACE c.c.server.mapper.ChapterMapper.selectByExample   :165  [32m        [0;39m <==        Row: 000005, 000000, test005
2021-10-27 11:43:55.896 DEBUG c.c.server.mapper.ChapterMapper.selectByExample   :159  [32m        [0;39m <==      Total: 5
2021-10-27 11:44:01.035 DEBUG c.c.s.mapper.ChapterMapper.selectByExample_COUNT  :159  [32m        [0;39m ==>  Preparing: SELECT count(0) FROM chapter 
2021-10-27 11:44:01.035 DEBUG c.c.s.mapper.ChapterMapper.selectByExample_COUNT  :159  [32m        [0;39m ==> Parameters: 
2021-10-27 11:44:01.037 TRACE c.c.s.mapper.ChapterMapper.selectByExample_COUNT  :165  [32m        [0;39m <==    Columns: count(0)
2021-10-27 11:44:01.037 TRACE c.c.s.mapper.ChapterMapper.selectByExample_COUNT  :165  [32m        [0;39m <==        Row: 19
2021-10-27 11:44:01.038 DEBUG c.c.s.mapper.ChapterMapper.selectByExample_COUNT  :159  [32m        [0;39m <==      Total: 1
2021-10-27 11:44:01.039 DEBUG c.c.server.mapper.ChapterMapper.selectByExample   :159  [32m        [0;39m ==>  Preparing: select id, course_id, name from chapter LIMIT ? 
2021-10-27 11:44:01.040 DEBUG c.c.server.mapper.ChapterMapper.selectByExample   :159  [32m        [0;39m ==> Parameters: 10(Integer)
2021-10-27 11:44:01.041 TRACE c.c.server.mapper.ChapterMapper.selectByExample   :165  [32m        [0;39m <==    Columns: id, course_id, name
2021-10-27 11:44:01.041 TRACE c.c.server.mapper.ChapterMapper.selectByExample   :165  [32m        [0;39m <==        Row: 000001, 000000, test001
2021-10-27 11:44:01.042 TRACE c.c.server.mapper.ChapterMapper.selectByExample   :165  [32m        [0;39m <==        Row: 000002, 000000, test002
2021-10-27 11:44:01.042 TRACE c.c.server.mapper.ChapterMapper.selectByExample   :165  [32m        [0;39m <==        Row: 000003, 000000, test003
2021-10-27 11:44:01.043 TRACE c.c.server.mapper.ChapterMapper.selectByExample   :165  [32m        [0;39m <==        Row: 000004, 000000, test004
2021-10-27 11:44:01.043 TRACE c.c.server.mapper.ChapterMapper.selectByExample   :165  [32m        [0;39m <==        Row: 000005, 000000, test005
2021-10-27 11:44:01.044 TRACE c.c.server.mapper.ChapterMapper.selectByExample   :165  [32m        [0;39m <==        Row: 000006, 000000, test006
2021-10-27 11:44:01.044 TRACE c.c.server.mapper.ChapterMapper.selectByExample   :165  [32m        [0;39m <==        Row: 000007, 000000, test007
2021-10-27 11:44:01.045 TRACE c.c.server.mapper.ChapterMapper.selectByExample   :165  [32m        [0;39m <==        Row: 000008, 000000, test008
2021-10-27 11:44:01.045 TRACE c.c.server.mapper.ChapterMapper.selectByExample   :165  [32m        [0;39m <==        Row: 000009, 000000, test009
2021-10-27 11:44:01.046 TRACE c.c.server.mapper.ChapterMapper.selectByExample   :165  [32m        [0;39m <==        Row: 000010, 000000, test010
2021-10-27 11:44:01.046 DEBUG c.c.server.mapper.ChapterMapper.selectByExample   :159  [32m        [0;39m <==      Total: 10
2021-10-27 11:44:02.824 DEBUG c.c.s.mapper.ChapterMapper.selectByExample_COUNT  :159  [32m        [0;39m ==>  Preparing: SELECT count(0) FROM chapter 
2021-10-27 11:44:02.825 DEBUG c.c.s.mapper.ChapterMapper.selectByExample_COUNT  :159  [32m        [0;39m ==> Parameters: 
2021-10-27 11:44:02.827 TRACE c.c.s.mapper.ChapterMapper.selectByExample_COUNT  :165  [32m        [0;39m <==    Columns: count(0)
2021-10-27 11:44:02.827 TRACE c.c.s.mapper.ChapterMapper.selectByExample_COUNT  :165  [32m        [0;39m <==        Row: 19
2021-10-27 11:44:02.828 DEBUG c.c.s.mapper.ChapterMapper.selectByExample_COUNT  :159  [32m        [0;39m <==      Total: 1
2021-10-27 11:44:02.828 DEBUG c.c.server.mapper.ChapterMapper.selectByExample   :159  [32m        [0;39m ==>  Preparing: select id, course_id, name from chapter LIMIT ?, ? 
2021-10-27 11:44:02.829 DEBUG c.c.server.mapper.ChapterMapper.selectByExample   :159  [32m        [0;39m ==> Parameters: 10(Integer), 10(Integer)
2021-10-27 11:44:02.830 TRACE c.c.server.mapper.ChapterMapper.selectByExample   :165  [32m        [0;39m <==    Columns: id, course_id, name
2021-10-27 11:44:02.830 TRACE c.c.server.mapper.ChapterMapper.selectByExample   :165  [32m        [0;39m <==        Row: 000011, 000000, test011
2021-10-27 11:44:02.831 TRACE c.c.server.mapper.ChapterMapper.selectByExample   :165  [32m        [0;39m <==        Row: 000012, 000000, test012
2021-10-27 11:44:02.832 TRACE c.c.server.mapper.ChapterMapper.selectByExample   :165  [32m        [0;39m <==        Row: 000013, 000000, test013
2021-10-27 11:44:02.833 TRACE c.c.server.mapper.ChapterMapper.selectByExample   :165  [32m        [0;39m <==        Row: 000014, 000000, test014
2021-10-27 11:44:02.833 TRACE c.c.server.mapper.ChapterMapper.selectByExample   :165  [32m        [0;39m <==        Row: 000015, 000000, test015
2021-10-27 11:44:02.834 TRACE c.c.server.mapper.ChapterMapper.selectByExample   :165  [32m        [0;39m <==        Row: 000016, 000000, test016
2021-10-27 11:44:02.835 TRACE c.c.server.mapper.ChapterMapper.selectByExample   :165  [32m        [0;39m <==        Row: 000017, 000000, test017
2021-10-27 11:44:02.835 TRACE c.c.server.mapper.ChapterMapper.selectByExample   :165  [32m        [0;39m <==        Row: 000018, 000000, test018
2021-10-27 11:44:02.836 TRACE c.c.server.mapper.ChapterMapper.selectByExample   :165  [32m        [0;39m <==        Row: 000019, 000000, test019
2021-10-27 11:44:02.836 DEBUG c.c.server.mapper.ChapterMapper.selectByExample   :159  [32m        [0;39m <==      Total: 9
2021-10-27 11:44:03.583 DEBUG c.c.s.mapper.ChapterMapper.selectByExample_COUNT  :159  [32m        [0;39m ==>  Preparing: SELECT count(0) FROM chapter 
2021-10-27 11:44:03.584 DEBUG c.c.s.mapper.ChapterMapper.selectByExample_COUNT  :159  [32m        [0;39m ==> Parameters: 
2021-10-27 11:44:03.586 TRACE c.c.s.mapper.ChapterMapper.selectByExample_COUNT  :165  [32m        [0;39m <==    Columns: count(0)
2021-10-27 11:44:03.587 TRACE c.c.s.mapper.ChapterMapper.selectByExample_COUNT  :165  [32m        [0;39m <==        Row: 19
2021-10-27 11:44:03.588 DEBUG c.c.s.mapper.ChapterMapper.selectByExample_COUNT  :159  [32m        [0;39m <==      Total: 1
2021-10-27 11:44:03.589 DEBUG c.c.server.mapper.ChapterMapper.selectByExample   :159  [32m        [0;39m ==>  Preparing: select id, course_id, name from chapter LIMIT ? 
2021-10-27 11:44:03.590 DEBUG c.c.server.mapper.ChapterMapper.selectByExample   :159  [32m        [0;39m ==> Parameters: 10(Integer)
2021-10-27 11:44:03.591 TRACE c.c.server.mapper.ChapterMapper.selectByExample   :165  [32m        [0;39m <==    Columns: id, course_id, name
2021-10-27 11:44:03.591 TRACE c.c.server.mapper.ChapterMapper.selectByExample   :165  [32m        [0;39m <==        Row: 000001, 000000, test001
2021-10-27 11:44:03.592 TRACE c.c.server.mapper.ChapterMapper.selectByExample   :165  [32m        [0;39m <==        Row: 000002, 000000, test002
2021-10-27 11:44:03.592 TRACE c.c.server.mapper.ChapterMapper.selectByExample   :165  [32m        [0;39m <==        Row: 000003, 000000, test003
2021-10-27 11:44:03.593 TRACE c.c.server.mapper.ChapterMapper.selectByExample   :165  [32m        [0;39m <==        Row: 000004, 000000, test004
2021-10-27 11:44:03.593 TRACE c.c.server.mapper.ChapterMapper.selectByExample   :165  [32m        [0;39m <==        Row: 000005, 000000, test005
2021-10-27 11:44:03.594 TRACE c.c.server.mapper.ChapterMapper.selectByExample   :165  [32m        [0;39m <==        Row: 000006, 000000, test006
2021-10-27 11:44:03.594 TRACE c.c.server.mapper.ChapterMapper.selectByExample   :165  [32m        [0;39m <==        Row: 000007, 000000, test007
2021-10-27 11:44:03.595 TRACE c.c.server.mapper.ChapterMapper.selectByExample   :165  [32m        [0;39m <==        Row: 000008, 000000, test008
2021-10-27 11:44:03.596 TRACE c.c.server.mapper.ChapterMapper.selectByExample   :165  [32m        [0;39m <==        Row: 000009, 000000, test009
2021-10-27 11:44:03.596 TRACE c.c.server.mapper.ChapterMapper.selectByExample   :165  [32m        [0;39m <==        Row: 000010, 000000, test010
2021-10-27 11:44:03.597 DEBUG c.c.server.mapper.ChapterMapper.selectByExample   :159  [32m        [0;39m <==      Total: 10
2021-10-27 11:44:07.933 DEBUG c.c.s.mapper.ChapterMapper.selectByExample_COUNT  :159  [32m        [0;39m ==>  Preparing: SELECT count(0) FROM chapter 
2021-10-27 11:44:07.934 DEBUG c.c.s.mapper.ChapterMapper.selectByExample_COUNT  :159  [32m        [0;39m ==> Parameters: 
2021-10-27 11:44:07.936 TRACE c.c.s.mapper.ChapterMapper.selectByExample_COUNT  :165  [32m        [0;39m <==    Columns: count(0)
2021-10-27 11:44:07.936 TRACE c.c.s.mapper.ChapterMapper.selectByExample_COUNT  :165  [32m        [0;39m <==        Row: 19
2021-10-27 11:44:07.937 DEBUG c.c.s.mapper.ChapterMapper.selectByExample_COUNT  :159  [32m        [0;39m <==      Total: 1
2021-10-27 11:44:07.938 DEBUG c.c.server.mapper.ChapterMapper.selectByExample   :159  [32m        [0;39m ==>  Preparing: select id, course_id, name from chapter LIMIT ? 
2021-10-27 11:44:07.939 DEBUG c.c.server.mapper.ChapterMapper.selectByExample   :159  [32m        [0;39m ==> Parameters: 1(Integer)
2021-10-27 11:44:07.940 TRACE c.c.server.mapper.ChapterMapper.selectByExample   :165  [32m        [0;39m <==    Columns: id, course_id, name
2021-10-27 11:44:07.940 TRACE c.c.server.mapper.ChapterMapper.selectByExample   :165  [32m        [0;39m <==        Row: 000001, 000000, test001
2021-10-27 11:44:07.941 DEBUG c.c.server.mapper.ChapterMapper.selectByExample   :159  [32m        [0;39m <==      Total: 1
2021-10-27 11:44:08.849 DEBUG c.c.s.mapper.ChapterMapper.selectByExample_COUNT  :159  [32m        [0;39m ==>  Preparing: SELECT count(0) FROM chapter 
2021-10-27 11:44:08.850 DEBUG c.c.s.mapper.ChapterMapper.selectByExample_COUNT  :159  [32m        [0;39m ==> Parameters: 
2021-10-27 11:44:08.851 TRACE c.c.s.mapper.ChapterMapper.selectByExample_COUNT  :165  [32m        [0;39m <==    Columns: count(0)
2021-10-27 11:44:08.852 TRACE c.c.s.mapper.ChapterMapper.selectByExample_COUNT  :165  [32m        [0;39m <==        Row: 19
2021-10-27 11:44:08.852 DEBUG c.c.s.mapper.ChapterMapper.selectByExample_COUNT  :159  [32m        [0;39m <==      Total: 1
2021-10-27 11:44:08.853 DEBUG c.c.server.mapper.ChapterMapper.selectByExample   :159  [32m        [0;39m ==>  Preparing: select id, course_id, name from chapter LIMIT ?, ? 
2021-10-27 11:44:08.853 DEBUG c.c.server.mapper.ChapterMapper.selectByExample   :159  [32m        [0;39m ==> Parameters: 1(Integer), 1(Integer)
2021-10-27 11:44:08.855 TRACE c.c.server.mapper.ChapterMapper.selectByExample   :165  [32m        [0;39m <==    Columns: id, course_id, name
2021-10-27 11:44:08.855 TRACE c.c.server.mapper.ChapterMapper.selectByExample   :165  [32m        [0;39m <==        Row: 000002, 000000, test002
2021-10-27 11:44:08.856 DEBUG c.c.server.mapper.ChapterMapper.selectByExample   :159  [32m        [0;39m <==      Total: 1
2021-10-27 11:44:09.499 DEBUG c.c.s.mapper.ChapterMapper.selectByExample_COUNT  :159  [32m        [0;39m ==>  Preparing: SELECT count(0) FROM chapter 
2021-10-27 11:44:09.500 DEBUG c.c.s.mapper.ChapterMapper.selectByExample_COUNT  :159  [32m        [0;39m ==> Parameters: 
2021-10-27 11:44:09.501 TRACE c.c.s.mapper.ChapterMapper.selectByExample_COUNT  :165  [32m        [0;39m <==    Columns: count(0)
2021-10-27 11:44:09.502 TRACE c.c.s.mapper.ChapterMapper.selectByExample_COUNT  :165  [32m        [0;39m <==        Row: 19
2021-10-27 11:44:09.502 DEBUG c.c.s.mapper.ChapterMapper.selectByExample_COUNT  :159  [32m        [0;39m <==      Total: 1
2021-10-27 11:44:09.503 DEBUG c.c.server.mapper.ChapterMapper.selectByExample   :159  [32m        [0;39m ==>  Preparing: select id, course_id, name from chapter LIMIT ?, ? 
2021-10-27 11:44:09.504 DEBUG c.c.server.mapper.ChapterMapper.selectByExample   :159  [32m        [0;39m ==> Parameters: 2(Integer), 1(Integer)
2021-10-27 11:44:09.505 TRACE c.c.server.mapper.ChapterMapper.selectByExample   :165  [32m        [0;39m <==    Columns: id, course_id, name
2021-10-27 11:44:09.506 TRACE c.c.server.mapper.ChapterMapper.selectByExample   :165  [32m        [0;39m <==        Row: 000003, 000000, test003
2021-10-27 11:44:09.507 DEBUG c.c.server.mapper.ChapterMapper.selectByExample   :159  [32m        [0;39m <==      Total: 1
2021-10-27 11:44:10.051 DEBUG c.c.s.mapper.ChapterMapper.selectByExample_COUNT  :159  [32m        [0;39m ==>  Preparing: SELECT count(0) FROM chapter 
2021-10-27 11:44:10.052 DEBUG c.c.s.mapper.ChapterMapper.selectByExample_COUNT  :159  [32m        [0;39m ==> Parameters: 
2021-10-27 11:44:10.054 TRACE c.c.s.mapper.ChapterMapper.selectByExample_COUNT  :165  [32m        [0;39m <==    Columns: count(0)
2021-10-27 11:44:10.054 TRACE c.c.s.mapper.ChapterMapper.selectByExample_COUNT  :165  [32m        [0;39m <==        Row: 19
2021-10-27 11:44:10.055 DEBUG c.c.s.mapper.ChapterMapper.selectByExample_COUNT  :159  [32m        [0;39m <==      Total: 1
2021-10-27 11:44:10.056 DEBUG c.c.server.mapper.ChapterMapper.selectByExample   :159  [32m        [0;39m ==>  Preparing: select id, course_id, name from chapter LIMIT ?, ? 
2021-10-27 11:44:10.056 DEBUG c.c.server.mapper.ChapterMapper.selectByExample   :159  [32m        [0;39m ==> Parameters: 3(Integer), 1(Integer)
2021-10-27 11:44:10.058 TRACE c.c.server.mapper.ChapterMapper.selectByExample   :165  [32m        [0;39m <==    Columns: id, course_id, name
2021-10-27 11:44:10.058 TRACE c.c.server.mapper.ChapterMapper.selectByExample   :165  [32m        [0;39m <==        Row: 000004, 000000, test004
2021-10-27 11:44:10.059 DEBUG c.c.server.mapper.ChapterMapper.selectByExample   :159  [32m        [0;39m <==      Total: 1
2021-10-27 11:44:10.606 DEBUG c.c.s.mapper.ChapterMapper.selectByExample_COUNT  :159  [32m        [0;39m ==>  Preparing: SELECT count(0) FROM chapter 
2021-10-27 11:44:10.606 DEBUG c.c.s.mapper.ChapterMapper.selectByExample_COUNT  :159  [32m        [0;39m ==> Parameters: 
2021-10-27 11:44:10.608 TRACE c.c.s.mapper.ChapterMapper.selectByExample_COUNT  :165  [32m        [0;39m <==    Columns: count(0)
2021-10-27 11:44:10.609 TRACE c.c.s.mapper.ChapterMapper.selectByExample_COUNT  :165  [32m        [0;39m <==        Row: 19
2021-10-27 11:44:10.609 DEBUG c.c.s.mapper.ChapterMapper.selectByExample_COUNT  :159  [32m        [0;39m <==      Total: 1
2021-10-27 11:44:10.610 DEBUG c.c.server.mapper.ChapterMapper.selectByExample   :159  [32m        [0;39m ==>  Preparing: select id, course_id, name from chapter LIMIT ?, ? 
2021-10-27 11:44:10.610 DEBUG c.c.server.mapper.ChapterMapper.selectByExample   :159  [32m        [0;39m ==> Parameters: 4(Integer), 1(Integer)
2021-10-27 11:44:10.611 TRACE c.c.server.mapper.ChapterMapper.selectByExample   :165  [32m        [0;39m <==    Columns: id, course_id, name
2021-10-27 11:44:10.612 TRACE c.c.server.mapper.ChapterMapper.selectByExample   :165  [32m        [0;39m <==        Row: 000005, 000000, test005
2021-10-27 11:44:10.613 DEBUG c.c.server.mapper.ChapterMapper.selectByExample   :159  [32m        [0;39m <==      Total: 1
2021-10-27 11:44:11.187 DEBUG c.c.s.mapper.ChapterMapper.selectByExample_COUNT  :159  [32m        [0;39m ==>  Preparing: SELECT count(0) FROM chapter 
2021-10-27 11:44:11.188 DEBUG c.c.s.mapper.ChapterMapper.selectByExample_COUNT  :159  [32m        [0;39m ==> Parameters: 
2021-10-27 11:44:11.190 TRACE c.c.s.mapper.ChapterMapper.selectByExample_COUNT  :165  [32m        [0;39m <==    Columns: count(0)
2021-10-27 11:44:11.190 TRACE c.c.s.mapper.ChapterMapper.selectByExample_COUNT  :165  [32m        [0;39m <==        Row: 19
2021-10-27 11:44:11.191 DEBUG c.c.s.mapper.ChapterMapper.selectByExample_COUNT  :159  [32m        [0;39m <==      Total: 1
2021-10-27 11:44:11.191 DEBUG c.c.server.mapper.ChapterMapper.selectByExample   :159  [32m        [0;39m ==>  Preparing: select id, course_id, name from chapter LIMIT ?, ? 
2021-10-27 11:44:11.192 DEBUG c.c.server.mapper.ChapterMapper.selectByExample   :159  [32m        [0;39m ==> Parameters: 6(Integer), 1(Integer)
2021-10-27 11:44:11.193 TRACE c.c.server.mapper.ChapterMapper.selectByExample   :165  [32m        [0;39m <==    Columns: id, course_id, name
2021-10-27 11:44:11.193 TRACE c.c.server.mapper.ChapterMapper.selectByExample   :165  [32m        [0;39m <==        Row: 000007, 000000, test007
2021-10-27 11:44:11.193 DEBUG c.c.server.mapper.ChapterMapper.selectByExample   :159  [32m        [0;39m <==      Total: 1
2021-10-27 11:44:11.912 DEBUG c.c.s.mapper.ChapterMapper.selectByExample_COUNT  :159  [32m        [0;39m ==>  Preparing: SELECT count(0) FROM chapter 
2021-10-27 11:44:11.912 DEBUG c.c.s.mapper.ChapterMapper.selectByExample_COUNT  :159  [32m        [0;39m ==> Parameters: 
2021-10-27 11:44:11.914 TRACE c.c.s.mapper.ChapterMapper.selectByExample_COUNT  :165  [32m        [0;39m <==    Columns: count(0)
2021-10-27 11:44:11.914 TRACE c.c.s.mapper.ChapterMapper.selectByExample_COUNT  :165  [32m        [0;39m <==        Row: 19
2021-10-27 11:44:11.915 DEBUG c.c.s.mapper.ChapterMapper.selectByExample_COUNT  :159  [32m        [0;39m <==      Total: 1
2021-10-27 11:44:11.915 DEBUG c.c.server.mapper.ChapterMapper.selectByExample   :159  [32m        [0;39m ==>  Preparing: select id, course_id, name from chapter LIMIT ?, ? 
2021-10-27 11:44:11.916 DEBUG c.c.server.mapper.ChapterMapper.selectByExample   :159  [32m        [0;39m ==> Parameters: 9(Integer), 1(Integer)
2021-10-27 11:44:11.917 TRACE c.c.server.mapper.ChapterMapper.selectByExample   :165  [32m        [0;39m <==    Columns: id, course_id, name
2021-10-27 11:44:11.918 TRACE c.c.server.mapper.ChapterMapper.selectByExample   :165  [32m        [0;39m <==        Row: 000010, 000000, test010
2021-10-27 11:44:11.918 DEBUG c.c.server.mapper.ChapterMapper.selectByExample   :159  [32m        [0;39m <==      Total: 1
2021-10-27 11:44:12.758 DEBUG c.c.s.mapper.ChapterMapper.selectByExample_COUNT  :159  [32m        [0;39m ==>  Preparing: SELECT count(0) FROM chapter 
2021-10-27 11:44:12.758 DEBUG c.c.s.mapper.ChapterMapper.selectByExample_COUNT  :159  [32m        [0;39m ==> Parameters: 
2021-10-27 11:44:12.760 TRACE c.c.s.mapper.ChapterMapper.selectByExample_COUNT  :165  [32m        [0;39m <==    Columns: count(0)
2021-10-27 11:44:12.760 TRACE c.c.s.mapper.ChapterMapper.selectByExample_COUNT  :165  [32m        [0;39m <==        Row: 19
2021-10-27 11:44:12.780 DEBUG c.c.s.mapper.ChapterMapper.selectByExample_COUNT  :159  [32m        [0;39m <==      Total: 1
2021-10-27 11:44:12.781 DEBUG c.c.server.mapper.ChapterMapper.selectByExample   :159  [32m        [0;39m ==>  Preparing: select id, course_id, name from chapter LIMIT ?, ? 
2021-10-27 11:44:12.781 DEBUG c.c.server.mapper.ChapterMapper.selectByExample   :159  [32m        [0;39m ==> Parameters: 11(Integer), 1(Integer)
2021-10-27 11:44:12.783 TRACE c.c.server.mapper.ChapterMapper.selectByExample   :165  [32m        [0;39m <==    Columns: id, course_id, name
2021-10-27 11:44:12.783 TRACE c.c.server.mapper.ChapterMapper.selectByExample   :165  [32m        [0;39m <==        Row: 000012, 000000, test012
2021-10-27 11:44:12.784 DEBUG c.c.server.mapper.ChapterMapper.selectByExample   :159  [32m        [0;39m <==      Total: 1
2021-10-27 11:44:13.350 DEBUG c.c.s.mapper.ChapterMapper.selectByExample_COUNT  :159  [32m        [0;39m ==>  Preparing: SELECT count(0) FROM chapter 
2021-10-27 11:44:13.358 DEBUG c.c.s.mapper.ChapterMapper.selectByExample_COUNT  :159  [32m        [0;39m ==> Parameters: 
2021-10-27 11:44:13.361 TRACE c.c.s.mapper.ChapterMapper.selectByExample_COUNT  :165  [32m        [0;39m <==    Columns: count(0)
2021-10-27 11:44:13.362 TRACE c.c.s.mapper.ChapterMapper.selectByExample_COUNT  :165  [32m        [0;39m <==        Row: 19
2021-10-27 11:44:13.362 DEBUG c.c.s.mapper.ChapterMapper.selectByExample_COUNT  :159  [32m        [0;39m <==      Total: 1
2021-10-27 11:44:13.363 DEBUG c.c.server.mapper.ChapterMapper.selectByExample   :159  [32m        [0;39m ==>  Preparing: select id, course_id, name from chapter LIMIT ?, ? 
2021-10-27 11:44:13.364 DEBUG c.c.server.mapper.ChapterMapper.selectByExample   :159  [32m        [0;39m ==> Parameters: 13(Integer), 1(Integer)
2021-10-27 11:44:13.366 TRACE c.c.server.mapper.ChapterMapper.selectByExample   :165  [32m        [0;39m <==    Columns: id, course_id, name
2021-10-27 11:44:13.367 TRACE c.c.server.mapper.ChapterMapper.selectByExample   :165  [32m        [0;39m <==        Row: 000014, 000000, test014
2021-10-27 11:44:13.367 DEBUG c.c.server.mapper.ChapterMapper.selectByExample   :159  [32m        [0;39m <==      Total: 1
2021-10-27 11:44:14.008 DEBUG c.c.s.mapper.ChapterMapper.selectByExample_COUNT  :159  [32m        [0;39m ==>  Preparing: SELECT count(0) FROM chapter 
2021-10-27 11:44:14.008 DEBUG c.c.s.mapper.ChapterMapper.selectByExample_COUNT  :159  [32m        [0;39m ==> Parameters: 
2021-10-27 11:44:14.010 TRACE c.c.s.mapper.ChapterMapper.selectByExample_COUNT  :165  [32m        [0;39m <==    Columns: count(0)
2021-10-27 11:44:14.010 TRACE c.c.s.mapper.ChapterMapper.selectByExample_COUNT  :165  [32m        [0;39m <==        Row: 19
2021-10-27 11:44:14.011 DEBUG c.c.s.mapper.ChapterMapper.selectByExample_COUNT  :159  [32m        [0;39m <==      Total: 1
2021-10-27 11:44:14.011 DEBUG c.c.server.mapper.ChapterMapper.selectByExample   :159  [32m        [0;39m ==>  Preparing: select id, course_id, name from chapter LIMIT ?, ? 
2021-10-27 11:44:14.012 DEBUG c.c.server.mapper.ChapterMapper.selectByExample   :159  [32m        [0;39m ==> Parameters: 15(Integer), 1(Integer)
2021-10-27 11:44:14.013 TRACE c.c.server.mapper.ChapterMapper.selectByExample   :165  [32m        [0;39m <==    Columns: id, course_id, name
2021-10-27 11:44:14.013 TRACE c.c.server.mapper.ChapterMapper.selectByExample   :165  [32m        [0;39m <==        Row: 000016, 000000, test016
2021-10-27 11:44:14.014 DEBUG c.c.server.mapper.ChapterMapper.selectByExample   :159  [32m        [0;39m <==      Total: 1
2021-10-27 11:44:14.774 DEBUG c.c.s.mapper.ChapterMapper.selectByExample_COUNT  :159  [32m        [0;39m ==>  Preparing: SELECT count(0) FROM chapter 
2021-10-27 11:44:14.775 DEBUG c.c.s.mapper.ChapterMapper.selectByExample_COUNT  :159  [32m        [0;39m ==> Parameters: 
2021-10-27 11:44:14.777 TRACE c.c.s.mapper.ChapterMapper.selectByExample_COUNT  :165  [32m        [0;39m <==    Columns: count(0)
2021-10-27 11:44:14.778 TRACE c.c.s.mapper.ChapterMapper.selectByExample_COUNT  :165  [32m        [0;39m <==        Row: 19
2021-10-27 11:44:14.778 DEBUG c.c.s.mapper.ChapterMapper.selectByExample_COUNT  :159  [32m        [0;39m <==      Total: 1
2021-10-27 11:44:14.779 DEBUG c.c.server.mapper.ChapterMapper.selectByExample   :159  [32m        [0;39m ==>  Preparing: select id, course_id, name from chapter LIMIT ?, ? 
2021-10-27 11:44:14.779 DEBUG c.c.server.mapper.ChapterMapper.selectByExample   :159  [32m        [0;39m ==> Parameters: 16(Integer), 1(Integer)
2021-10-27 11:44:14.780 TRACE c.c.server.mapper.ChapterMapper.selectByExample   :165  [32m        [0;39m <==    Columns: id, course_id, name
2021-10-27 11:44:14.780 TRACE c.c.server.mapper.ChapterMapper.selectByExample   :165  [32m        [0;39m <==        Row: 000017, 000000, test017
2021-10-27 11:44:14.781 DEBUG c.c.server.mapper.ChapterMapper.selectByExample   :159  [32m        [0;39m <==      Total: 1
2021-10-27 11:44:15.351 DEBUG c.c.s.mapper.ChapterMapper.selectByExample_COUNT  :159  [32m        [0;39m ==>  Preparing: SELECT count(0) FROM chapter 
2021-10-27 11:44:15.351 DEBUG c.c.s.mapper.ChapterMapper.selectByExample_COUNT  :159  [32m        [0;39m ==> Parameters: 
2021-10-27 11:44:15.353 TRACE c.c.s.mapper.ChapterMapper.selectByExample_COUNT  :165  [32m        [0;39m <==    Columns: count(0)
2021-10-27 11:44:15.353 TRACE c.c.s.mapper.ChapterMapper.selectByExample_COUNT  :165  [32m        [0;39m <==        Row: 19
2021-10-27 11:44:15.354 DEBUG c.c.s.mapper.ChapterMapper.selectByExample_COUNT  :159  [32m        [0;39m <==      Total: 1
2021-10-27 11:44:15.354 DEBUG c.c.server.mapper.ChapterMapper.selectByExample   :159  [32m        [0;39m ==>  Preparing: select id, course_id, name from chapter LIMIT ?, ? 
2021-10-27 11:44:15.355 DEBUG c.c.server.mapper.ChapterMapper.selectByExample   :159  [32m        [0;39m ==> Parameters: 17(Integer), 1(Integer)
2021-10-27 11:44:15.356 TRACE c.c.server.mapper.ChapterMapper.selectByExample   :165  [32m        [0;39m <==    Columns: id, course_id, name
2021-10-27 11:44:15.356 TRACE c.c.server.mapper.ChapterMapper.selectByExample   :165  [32m        [0;39m <==        Row: 000018, 000000, test018
2021-10-27 11:44:15.357 DEBUG c.c.server.mapper.ChapterMapper.selectByExample   :159  [32m        [0;39m <==      Total: 1
2021-10-27 11:44:15.967 DEBUG c.c.s.mapper.ChapterMapper.selectByExample_COUNT  :159  [32m        [0;39m ==>  Preparing: SELECT count(0) FROM chapter 
2021-10-27 11:44:15.968 DEBUG c.c.s.mapper.ChapterMapper.selectByExample_COUNT  :159  [32m        [0;39m ==> Parameters: 
2021-10-27 11:44:15.969 TRACE c.c.s.mapper.ChapterMapper.selectByExample_COUNT  :165  [32m        [0;39m <==    Columns: count(0)
2021-10-27 11:44:15.970 TRACE c.c.s.mapper.ChapterMapper.selectByExample_COUNT  :165  [32m        [0;39m <==        Row: 19
2021-10-27 11:44:15.970 DEBUG c.c.s.mapper.ChapterMapper.selectByExample_COUNT  :159  [32m        [0;39m <==      Total: 1
2021-10-27 11:44:15.971 DEBUG c.c.server.mapper.ChapterMapper.selectByExample   :159  [32m        [0;39m ==>  Preparing: select id, course_id, name from chapter LIMIT ?, ? 
2021-10-27 11:44:15.972 DEBUG c.c.server.mapper.ChapterMapper.selectByExample   :159  [32m        [0;39m ==> Parameters: 18(Integer), 1(Integer)
2021-10-27 11:44:15.973 TRACE c.c.server.mapper.ChapterMapper.selectByExample   :165  [32m        [0;39m <==    Columns: id, course_id, name
2021-10-27 11:44:15.974 TRACE c.c.server.mapper.ChapterMapper.selectByExample   :165  [32m        [0;39m <==        Row: 000019, 000000, test019
2021-10-27 11:44:15.974 DEBUG c.c.server.mapper.ChapterMapper.selectByExample   :159  [32m        [0;39m <==      Total: 1
2021-10-27 11:44:49.301 INFO  c.n.d.shared.resolver.aws.ConfigClusterResolver   :43   [32m        [0;39m Resolving eureka endpoints via configuration
