2022-02-05 21:44:01.448 INFO  o.s.c.s.PostProcessorRegistrationDelegate$BeanPostProcessorChecker:330  [32m        [0;39m Bean 'org.springframework.cloud.autoconfigure.ConfigurationPropertiesRebinderAutoConfiguration' of type [org.springframework.cloud.autoconfigure.ConfigurationPropertiesRebinderAutoConfiguration] is not eligible for getting processed by all BeanPostProcessors (for example: not eligible for auto-proxying)
2022-02-05 21:44:11.577 INFO  com.course.business.BusinessApplication           :651  [32m        [0;39m No active profile set, falling back to default profiles: default
2022-02-05 21:44:12.540 WARN  o.springframework.boot.actuate.endpoint.EndpointId:155  [32m        [0;39m Endpoint ID 'service-registry' contains invalid characters, please migrate to a valid format.
2022-02-05 21:44:12.681 INFO  o.springframework.cloud.context.scope.GenericScope:295  [32m        [0;39m BeanFactory id=a61d543e-59dd-3162-9a72-3a7c2335928f
2022-02-05 21:44:12.953 INFO  o.s.c.s.PostProcessorRegistrationDelegate$BeanPostProcessorChecker:330  [32m        [0;39m Bean 'org.springframework.transaction.annotation.ProxyTransactionManagementConfiguration' of type [org.springframework.transaction.annotation.ProxyTransactionManagementConfiguration] is not eligible for getting processed by all BeanPostProcessors (for example: not eligible for auto-proxying)
2022-02-05 21:44:13.282 INFO  o.s.c.s.PostProcessorRegistrationDelegate$BeanPostProcessorChecker:330  [32m        [0;39m Bean 'org.springframework.cloud.autoconfigure.ConfigurationPropertiesRebinderAutoConfiguration' of type [org.springframework.cloud.autoconfigure.ConfigurationPropertiesRebinderAutoConfiguration] is not eligible for getting processed by all BeanPostProcessors (for example: not eligible for auto-proxying)
2022-02-05 21:44:13.624 INFO  o.s.boot.web.embedded.tomcat.TomcatWebServer      :92   [32m        [0;39m Tomcat initialized with port(s): 9002 (http)
2022-02-05 21:44:13.637 INFO  org.apache.coyote.http11.Http11NioProtocol        :173  [32m        [0;39m Initializing ProtocolHandler ["http-nio-9002"]
2022-02-05 21:44:13.638 INFO  org.apache.catalina.core.StandardService          :173  [32m        [0;39m Starting service [Tomcat]
2022-02-05 21:44:13.638 INFO  org.apache.catalina.core.StandardEngine           :173  [32m        [0;39m Starting Servlet engine: [Apache Tomcat/9.0.29]
2022-02-05 21:44:13.768 INFO  o.a.c.c.C.[Tomcat].[localhost].[/business]        :173  [32m        [0;39m Initializing Spring embedded WebApplicationContext
2022-02-05 21:44:13.769 INFO  org.springframework.web.context.ContextLoader     :284  [32m        [0;39m Root WebApplicationContext: initialization completed in 2173 ms
2022-02-05 21:44:13.901 WARN  com.netflix.config.sources.URLConfigurationSource :121  [32m        [0;39m No URLs will be polled as dynamic configuration sources.
2022-02-05 21:44:13.901 INFO  com.netflix.config.sources.URLConfigurationSource :122  [32m        [0;39m To enable URLs as dynamic configuration sources, define System property archaius.configurationSource.additionalUrls or make config.properties available on classpath.
2022-02-05 21:44:13.923 INFO  com.netflix.config.DynamicPropertyFactory         :281  [32m        [0;39m DynamicPropertyFactory is initialized with configuration sources: com.netflix.config.ConcurrentCompositeConfiguration@724b939e
2022-02-05 21:44:14.919 WARN  com.netflix.config.sources.URLConfigurationSource :121  [32m        [0;39m No URLs will be polled as dynamic configuration sources.
2022-02-05 21:44:14.920 INFO  com.netflix.config.sources.URLConfigurationSource :122  [32m        [0;39m To enable URLs as dynamic configuration sources, define System property archaius.configurationSource.additionalUrls or make config.properties available on classpath.
2022-02-05 21:44:15.137 INFO  o.s.scheduling.concurrent.ThreadPoolTaskExecutor  :171  [32m        [0;39m Initializing ExecutorService 'applicationTaskExecutor'
2022-02-05 21:44:15.798 WARN  o.s.c.l.c.BlockingLoadBalancerClientAutoConfiguration$BlockingLoadBalancerClientRibbonWarnLogger:106  [32m        [0;39m You already have RibbonLoadBalancerClient on your classpath. It will be used by default. As Spring Cloud Ribbon is in maintenance mode. We recommend switching to BlockingLoadBalancerClient instead. In order to use it, set the value of `spring.cloud.loadbalancer.ribbon.enabled` to `false` or remove spring-cloud-starter-netflix-ribbon from your project.
2022-02-05 21:44:15.842 WARN  o.s.c.l.c.LoadBalancerCacheAutoConfiguration$LoadBalancerCaffeineWarnLogger:81   [32m        [0;39m Spring Cloud LoadBalancer is currently working with default default cache. You can switch to using Caffeine cache, by adding it to the classpath.
2022-02-05 21:44:15.856 INFO  o.s.b.actuate.endpoint.web.EndpointLinksResolver  :58   [32m        [0;39m Exposing 2 endpoint(s) beneath base path '/actuator'
2022-02-05 21:44:15.896 INFO  o.s.cloud.netflix.eureka.InstanceInfoFactory      :72   [32m        [0;39m Setting initial instance status as: STARTING
2022-02-05 21:44:15.967 INFO  com.netflix.discovery.DiscoveryClient             :365  [32m        [0;39m Initializing Eureka in region us-east-1
2022-02-05 21:44:16.199 INFO  c.n.discovery.provider.DiscoveryJerseyProvider    :70   [32m        [0;39m Using JSON encoding codec LegacyJacksonJson
2022-02-05 21:44:16.200 INFO  c.n.discovery.provider.DiscoveryJerseyProvider    :71   [32m        [0;39m Using JSON decoding codec LegacyJacksonJson
2022-02-05 21:44:16.342 INFO  c.n.discovery.provider.DiscoveryJerseyProvider    :80   [32m        [0;39m Using XML encoding codec XStreamXml
2022-02-05 21:44:16.342 INFO  c.n.discovery.provider.DiscoveryJerseyProvider    :81   [32m        [0;39m Using XML decoding codec XStreamXml
2022-02-05 21:44:16.721 INFO  c.n.d.shared.resolver.aws.ConfigClusterResolver   :43   [32m        [0;39m Resolving eureka endpoints via configuration
2022-02-05 21:44:16.743 INFO  com.netflix.discovery.DiscoveryClient             :976  [32m        [0;39m Disable delta property : false
2022-02-05 21:44:16.743 INFO  com.netflix.discovery.DiscoveryClient             :977  [32m        [0;39m Single vip registry refresh property : null
2022-02-05 21:44:16.743 INFO  com.netflix.discovery.DiscoveryClient             :978  [32m        [0;39m Force full registry fetch : false
2022-02-05 21:44:16.743 INFO  com.netflix.discovery.DiscoveryClient             :979  [32m        [0;39m Application is null : false
2022-02-05 21:44:16.744 INFO  com.netflix.discovery.DiscoveryClient             :980  [32m        [0;39m Registered Applications size is zero : true
2022-02-05 21:44:16.744 INFO  com.netflix.discovery.DiscoveryClient             :982  [32m        [0;39m Application version is -1: true
2022-02-05 21:44:16.744 INFO  com.netflix.discovery.DiscoveryClient             :1065 [32m        [0;39m Getting all instance registry info from the eureka server
2022-02-05 21:44:17.125 INFO  com.netflix.discovery.DiscoveryClient             :1074 [32m        [0;39m The response status is 200
2022-02-05 21:44:17.128 INFO  com.netflix.discovery.DiscoveryClient             :1288 [32m        [0;39m Starting heartbeat executor: renew interval is: 30
2022-02-05 21:44:17.131 INFO  com.netflix.discovery.InstanceInfoReplicator      :60   [32m        [0;39m InstanceInfoReplicator onDemand update allowed rate per min is 4
2022-02-05 21:44:17.136 INFO  com.netflix.discovery.DiscoveryClient             :465  [32m        [0;39m Discovery Client initialized at timestamp 1644068657135 with initial instances count: 1
2022-02-05 21:44:17.143 INFO  o.s.c.n.e.serviceregistry.EurekaServiceRegistry   :41   [32m        [0;39m Registering application BUSINESS with eureka with status UP
2022-02-05 21:44:17.144 INFO  com.netflix.discovery.DiscoveryClient             :1323 [32m        [0;39m Saw local status change event StatusChangeEvent [timestamp=1644068657144, current=UP, previous=STARTING]
2022-02-05 21:44:17.146 INFO  com.netflix.discovery.DiscoveryClient             :844  [32m        [0;39m DiscoveryClient_BUSINESS/192.168.2.12:business:9002: registering service...
2022-02-05 21:44:17.166 INFO  org.apache.coyote.http11.Http11NioProtocol        :173  [32m        [0;39m Starting ProtocolHandler ["http-nio-9002"]
2022-02-05 21:44:17.182 INFO  com.netflix.discovery.DiscoveryClient             :853  [32m        [0;39m DiscoveryClient_BUSINESS/192.168.2.12:business:9002 - registration status: 204
2022-02-05 21:44:17.203 INFO  o.s.boot.web.embedded.tomcat.TomcatWebServer      :204  [32m        [0;39m Tomcat started on port(s): 9002 (http) with context path '/business'
2022-02-05 21:44:17.204 INFO  o.s.c.n.e.s.EurekaAutoServiceRegistration         :145  [32m        [0;39m Updating port to 9002
2022-02-05 21:44:17.209 INFO  com.course.business.BusinessApplication           :61   [32m        [0;39m Started BusinessApplication in 26.388 seconds (JVM running for 27.047)
2022-02-05 21:44:17.216 INFO  com.course.business.BusinessApplication           :23   [32m        [0;39m 启动成功
2022-02-05 21:44:17.217 INFO  com.course.business.BusinessApplication           :24   [32m        [0;39m business 地址：	 http://127.0.0.1:9002
2022-02-05 21:49:16.743 INFO  c.n.d.shared.resolver.aws.ConfigClusterResolver   :43   [32m        [0;39m Resolving eureka endpoints via configuration
2022-02-05 21:52:07.241 INFO  o.a.c.c.C.[Tomcat].[localhost].[/business]        :173  [32m        [0;39m Initializing Spring DispatcherServlet 'dispatcherServlet'
2022-02-05 21:52:07.241 INFO  org.springframework.web.servlet.DispatcherServlet :525  [32m        [0;39m Initializing Servlet 'dispatcherServlet'
2022-02-05 21:52:07.256 INFO  org.springframework.web.servlet.DispatcherServlet :547  [32m        [0;39m Completed initialization in 14 ms
2022-02-05 21:52:07.297 INFO  com.course.server.config.LogAspect                :81   [32mG5k2Nl6G[0;39m ------------- 【分类】操作开始 -------------
2022-02-05 21:52:07.298 INFO  com.course.server.config.LogAspect                :82   [32mG5k2Nl6G[0;39m 请求地址: http://127.0.0.1:9002/business/admin/category/all POST
2022-02-05 21:52:07.298 INFO  com.course.server.config.LogAspect                :83   [32mG5k2Nl6G[0;39m 类名方法: com.course.business.controller.admin.CategoryController.all
2022-02-05 21:52:07.301 INFO  com.course.server.config.LogAspect                :84   [32mG5k2Nl6G[0;39m 远程地址: 127.0.0.1
2022-02-05 21:52:07.305 INFO  com.course.server.config.LogAspect                :102  [32mG5k2Nl6G[0;39m 请求参数: []
2022-02-05 21:52:07.394 INFO  com.zaxxer.hikari.HikariDataSource                :110  [32mG5k2Nl6G[0;39m HikariPool-1 - Starting...
2022-02-05 21:52:07.585 ERROR com.zaxxer.hikari.pool.HikariPool                 :595  [32mG5k2Nl6G[0;39m HikariPool-1 - Exception during pool initialization.
com.mysql.cj.jdbc.exceptions.CommunicationsException: Communications link failure

The last packet sent successfully to the server was 0 milliseconds ago. The driver has not received any packets from the server.
	at com.mysql.cj.jdbc.exceptions.SQLError.createCommunicationsException(SQLError.java:174)
	at com.mysql.cj.jdbc.exceptions.SQLExceptionsMapping.translateException(SQLExceptionsMapping.java:64)
	at com.mysql.cj.jdbc.ConnectionImpl.createNewIO(ConnectionImpl.java:833)
	at com.mysql.cj.jdbc.ConnectionImpl.<init>(ConnectionImpl.java:453)
	at com.mysql.cj.jdbc.ConnectionImpl.getInstance(ConnectionImpl.java:246)
	at com.mysql.cj.jdbc.NonRegisteringDriver.connect(NonRegisteringDriver.java:198)
	at com.zaxxer.hikari.util.DriverDataSource.getConnection(DriverDataSource.java:138)
	at com.zaxxer.hikari.pool.PoolBase.newConnection(PoolBase.java:353)
	at com.zaxxer.hikari.pool.PoolBase.newPoolEntry(PoolBase.java:201)
	at com.zaxxer.hikari.pool.HikariPool.createPoolEntry(HikariPool.java:473)
	at com.zaxxer.hikari.pool.HikariPool.checkFailFast(HikariPool.java:562)
	at com.zaxxer.hikari.pool.HikariPool.<init>(HikariPool.java:115)
	at com.zaxxer.hikari.HikariDataSource.getConnection(HikariDataSource.java:112)
	at com.zaxxer.hikari.HikariDataSource$$FastClassBySpringCGLIB$$eeb1ae86.invoke(<generated>)
	at org.springframework.cglib.proxy.MethodProxy.invoke(MethodProxy.java:218)
	at org.springframework.aop.framework.CglibAopProxy$CglibMethodInvocation.invokeJoinpoint(CglibAopProxy.java:769)
	at org.springframework.aop.framework.ReflectiveMethodInvocation.proceed(ReflectiveMethodInvocation.java:163)
	at org.springframework.aop.framework.CglibAopProxy$CglibMethodInvocation.proceed(CglibAopProxy.java:747)
	at org.springframework.aop.support.DelegatingIntroductionInterceptor.doProceed(DelegatingIntroductionInterceptor.java:136)
	at org.springframework.aop.support.DelegatingIntroductionInterceptor.invoke(DelegatingIntroductionInterceptor.java:124)
	at org.springframework.aop.framework.ReflectiveMethodInvocation.proceed(ReflectiveMethodInvocation.java:186)
	at org.springframework.aop.framework.CglibAopProxy$CglibMethodInvocation.proceed(CglibAopProxy.java:747)
	at org.springframework.aop.framework.CglibAopProxy$DynamicAdvisedInterceptor.intercept(CglibAopProxy.java:689)
	at com.zaxxer.hikari.HikariDataSource$$EnhancerBySpringCGLIB$$19ed18a5.getConnection(<generated>)
	at org.springframework.jdbc.datasource.DataSourceUtils.fetchConnection(DataSourceUtils.java:158)
	at org.springframework.jdbc.datasource.DataSourceUtils.doGetConnection(DataSourceUtils.java:116)
	at org.springframework.jdbc.datasource.DataSourceUtils.getConnection(DataSourceUtils.java:79)
	at org.mybatis.spring.transaction.SpringManagedTransaction.openConnection(SpringManagedTransaction.java:82)
	at org.mybatis.spring.transaction.SpringManagedTransaction.getConnection(SpringManagedTransaction.java:68)
	at org.apache.ibatis.executor.BaseExecutor.getConnection(BaseExecutor.java:338)
	at org.apache.ibatis.executor.SimpleExecutor.prepareStatement(SimpleExecutor.java:84)
	at org.apache.ibatis.executor.SimpleExecutor.doQuery(SimpleExecutor.java:62)
	at org.apache.ibatis.executor.BaseExecutor.queryFromDatabase(BaseExecutor.java:326)
	at org.apache.ibatis.executor.BaseExecutor.query(BaseExecutor.java:156)
	at org.apache.ibatis.executor.CachingExecutor.query(CachingExecutor.java:109)
	at com.github.pagehelper.PageInterceptor.intercept(PageInterceptor.java:108)
	at org.apache.ibatis.plugin.Plugin.invoke(Plugin.java:61)
	at com.sun.proxy.$Proxy173.query(Unknown Source)
	at org.apache.ibatis.session.defaults.DefaultSqlSession.selectList(DefaultSqlSession.java:148)
	at org.apache.ibatis.session.defaults.DefaultSqlSession.selectList(DefaultSqlSession.java:141)
	at sun.reflect.NativeMethodAccessorImpl.invoke0(Native Method)
	at sun.reflect.NativeMethodAccessorImpl.invoke(NativeMethodAccessorImpl.java:62)
	at sun.reflect.DelegatingMethodAccessorImpl.invoke(DelegatingMethodAccessorImpl.java:43)
	at java.lang.reflect.Method.invoke(Method.java:498)
	at org.mybatis.spring.SqlSessionTemplate$SqlSessionInterceptor.invoke(SqlSessionTemplate.java:433)
	at com.sun.proxy.$Proxy126.selectList(Unknown Source)
	at org.mybatis.spring.SqlSessionTemplate.selectList(SqlSessionTemplate.java:230)
	at org.apache.ibatis.binding.MapperMethod.executeForMany(MapperMethod.java:139)
	at org.apache.ibatis.binding.MapperMethod.execute(MapperMethod.java:76)
	at org.apache.ibatis.binding.MapperProxy.invoke(MapperProxy.java:59)
	at com.sun.proxy.$Proxy127.selectByExample(Unknown Source)
	at com.course.server.service.CategoryService.all(CategoryService.java:42)
	at com.course.server.service.CategoryService$$FastClassBySpringCGLIB$$21fd5259.invoke(<generated>)
	at org.springframework.cglib.proxy.MethodProxy.invoke(MethodProxy.java:218)
	at org.springframework.aop.framework.CglibAopProxy$DynamicAdvisedInterceptor.intercept(CglibAopProxy.java:685)
	at com.course.server.service.CategoryService$$EnhancerBySpringCGLIB$$c4b50636.all(<generated>)
	at com.course.business.controller.admin.CategoryController.all(CategoryController.java:45)
	at com.course.business.controller.admin.CategoryController$$FastClassBySpringCGLIB$$d9a9643.invoke(<generated>)
	at org.springframework.cglib.proxy.MethodProxy.invoke(MethodProxy.java:218)
	at org.springframework.aop.framework.CglibAopProxy$CglibMethodInvocation.invokeJoinpoint(CglibAopProxy.java:769)
	at org.springframework.aop.framework.ReflectiveMethodInvocation.proceed(ReflectiveMethodInvocation.java:163)
	at org.springframework.aop.framework.CglibAopProxy$CglibMethodInvocation.proceed(CglibAopProxy.java:747)
	at org.springframework.aop.framework.adapter.MethodBeforeAdviceInterceptor.invoke(MethodBeforeAdviceInterceptor.java:56)
	at org.springframework.aop.framework.ReflectiveMethodInvocation.proceed(ReflectiveMethodInvocation.java:186)
	at org.springframework.aop.framework.CglibAopProxy$CglibMethodInvocation.proceed(CglibAopProxy.java:747)
	at org.springframework.aop.aspectj.MethodInvocationProceedingJoinPoint.proceed(MethodInvocationProceedingJoinPoint.java:88)
	at com.course.server.config.LogAspect.doAround(LogAspect.java:108)
	at sun.reflect.NativeMethodAccessorImpl.invoke0(Native Method)
	at sun.reflect.NativeMethodAccessorImpl.invoke(NativeMethodAccessorImpl.java:62)
	at sun.reflect.DelegatingMethodAccessorImpl.invoke(DelegatingMethodAccessorImpl.java:43)
	at java.lang.reflect.Method.invoke(Method.java:498)
	at org.springframework.aop.aspectj.AbstractAspectJAdvice.invokeAdviceMethodWithGivenArgs(AbstractAspectJAdvice.java:644)
	at org.springframework.aop.aspectj.AbstractAspectJAdvice.invokeAdviceMethod(AbstractAspectJAdvice.java:633)
	at org.springframework.aop.aspectj.AspectJAroundAdvice.invoke(AspectJAroundAdvice.java:70)
	at org.springframework.aop.framework.ReflectiveMethodInvocation.proceed(ReflectiveMethodInvocation.java:186)
	at org.springframework.aop.framework.CglibAopProxy$CglibMethodInvocation.proceed(CglibAopProxy.java:747)
	at org.springframework.aop.interceptor.ExposeInvocationInterceptor.invoke(ExposeInvocationInterceptor.java:93)
	at org.springframework.aop.framework.ReflectiveMethodInvocation.proceed(ReflectiveMethodInvocation.java:186)
	at org.springframework.aop.framework.CglibAopProxy$CglibMethodInvocation.proceed(CglibAopProxy.java:747)
	at org.springframework.aop.framework.CglibAopProxy$DynamicAdvisedInterceptor.intercept(CglibAopProxy.java:689)
	at com.course.business.controller.admin.CategoryController$$EnhancerBySpringCGLIB$$a80e670.all(<generated>)
	at sun.reflect.NativeMethodAccessorImpl.invoke0(Native Method)
	at sun.reflect.NativeMethodAccessorImpl.invoke(NativeMethodAccessorImpl.java:62)
	at sun.reflect.DelegatingMethodAccessorImpl.invoke(DelegatingMethodAccessorImpl.java:43)
	at java.lang.reflect.Method.invoke(Method.java:498)
	at org.springframework.web.method.support.InvocableHandlerMethod.doInvoke(InvocableHandlerMethod.java:190)
	at org.springframework.web.method.support.InvocableHandlerMethod.invokeForRequest(InvocableHandlerMethod.java:138)
	at org.springframework.web.servlet.mvc.method.annotation.ServletInvocableHandlerMethod.invokeAndHandle(ServletInvocableHandlerMethod.java:106)
	at org.springframework.web.servlet.mvc.method.annotation.RequestMappingHandlerAdapter.invokeHandlerMethod(RequestMappingHandlerAdapter.java:888)
	at org.springframework.web.servlet.mvc.method.annotation.RequestMappingHandlerAdapter.handleInternal(RequestMappingHandlerAdapter.java:793)
	at org.springframework.web.servlet.mvc.method.AbstractHandlerMethodAdapter.handle(AbstractHandlerMethodAdapter.java:87)
	at org.springframework.web.servlet.DispatcherServlet.doDispatch(DispatcherServlet.java:1040)
	at org.springframework.web.servlet.DispatcherServlet.doService(DispatcherServlet.java:943)
	at org.springframework.web.servlet.FrameworkServlet.processRequest(FrameworkServlet.java:1006)
	at org.springframework.web.servlet.FrameworkServlet.doPost(FrameworkServlet.java:909)
	at javax.servlet.http.HttpServlet.service(HttpServlet.java:660)
	at org.springframework.web.servlet.FrameworkServlet.service(FrameworkServlet.java:883)
	at javax.servlet.http.HttpServlet.service(HttpServlet.java:741)
	at org.apache.catalina.core.ApplicationFilterChain.internalDoFilter(ApplicationFilterChain.java:231)
	at org.apache.catalina.core.ApplicationFilterChain.doFilter(ApplicationFilterChain.java:166)
	at org.apache.tomcat.websocket.server.WsFilter.doFilter(WsFilter.java:53)
	at org.apache.catalina.core.ApplicationFilterChain.internalDoFilter(ApplicationFilterChain.java:193)
	at org.apache.catalina.core.ApplicationFilterChain.doFilter(ApplicationFilterChain.java:166)
	at org.springframework.web.filter.RequestContextFilter.doFilterInternal(RequestContextFilter.java:100)
	at org.springframework.web.filter.OncePerRequestFilter.doFilter(OncePerRequestFilter.java:119)
	at org.apache.catalina.core.ApplicationFilterChain.internalDoFilter(ApplicationFilterChain.java:193)
	at org.apache.catalina.core.ApplicationFilterChain.doFilter(ApplicationFilterChain.java:166)
	at org.springframework.web.filter.FormContentFilter.doFilterInternal(FormContentFilter.java:93)
	at org.springframework.web.filter.OncePerRequestFilter.doFilter(OncePerRequestFilter.java:119)
	at org.apache.catalina.core.ApplicationFilterChain.internalDoFilter(ApplicationFilterChain.java:193)
	at org.apache.catalina.core.ApplicationFilterChain.doFilter(ApplicationFilterChain.java:166)
	at org.springframework.boot.actuate.metrics.web.servlet.WebMvcMetricsFilter.doFilterInternal(WebMvcMetricsFilter.java:108)
	at org.springframework.web.filter.OncePerRequestFilter.doFilter(OncePerRequestFilter.java:119)
	at org.apache.catalina.core.ApplicationFilterChain.internalDoFilter(ApplicationFilterChain.java:193)
	at org.apache.catalina.core.ApplicationFilterChain.doFilter(ApplicationFilterChain.java:166)
	at org.springframework.web.filter.CharacterEncodingFilter.doFilterInternal(CharacterEncodingFilter.java:201)
	at org.springframework.web.filter.OncePerRequestFilter.doFilter(OncePerRequestFilter.java:119)
	at org.apache.catalina.core.ApplicationFilterChain.internalDoFilter(ApplicationFilterChain.java:193)
	at org.apache.catalina.core.ApplicationFilterChain.doFilter(ApplicationFilterChain.java:166)
	at org.apache.catalina.core.StandardWrapperValve.invoke(StandardWrapperValve.java:202)
	at org.apache.catalina.core.StandardContextValve.invoke(StandardContextValve.java:96)
	at org.apache.catalina.authenticator.AuthenticatorBase.invoke(AuthenticatorBase.java:526)
	at org.apache.catalina.core.StandardHostValve.invoke(StandardHostValve.java:139)
	at org.apache.catalina.valves.ErrorReportValve.invoke(ErrorReportValve.java:92)
	at org.apache.catalina.core.StandardEngineValve.invoke(StandardEngineValve.java:74)
	at org.apache.catalina.connector.CoyoteAdapter.service(CoyoteAdapter.java:343)
	at org.apache.coyote.http11.Http11Processor.service(Http11Processor.java:367)
	at org.apache.coyote.AbstractProcessorLight.process(AbstractProcessorLight.java:65)
	at org.apache.coyote.AbstractProtocol$ConnectionHandler.process(AbstractProtocol.java:860)
	at org.apache.tomcat.util.net.NioEndpoint$SocketProcessor.doRun(NioEndpoint.java:1591)
	at org.apache.tomcat.util.net.SocketProcessorBase.run(SocketProcessorBase.java:49)
	at java.util.concurrent.ThreadPoolExecutor.runWorker(ThreadPoolExecutor.java:1149)
	at java.util.concurrent.ThreadPoolExecutor$Worker.run(ThreadPoolExecutor.java:624)
	at org.apache.tomcat.util.threads.TaskThread$WrappingRunnable.run(TaskThread.java:61)
	at java.lang.Thread.run(Thread.java:748)
Caused by: com.mysql.cj.exceptions.CJCommunicationsException: Communications link failure

The last packet sent successfully to the server was 0 milliseconds ago. The driver has not received any packets from the server.
	at sun.reflect.NativeConstructorAccessorImpl.newInstance0(Native Method)
	at sun.reflect.NativeConstructorAccessorImpl.newInstance(NativeConstructorAccessorImpl.java:62)
	at sun.reflect.DelegatingConstructorAccessorImpl.newInstance(DelegatingConstructorAccessorImpl.java:45)
	at java.lang.reflect.Constructor.newInstance(Constructor.java:423)
	at com.mysql.cj.exceptions.ExceptionFactory.createException(ExceptionFactory.java:61)
	at com.mysql.cj.exceptions.ExceptionFactory.createException(ExceptionFactory.java:105)
	at com.mysql.cj.exceptions.ExceptionFactory.createException(ExceptionFactory.java:151)
	at com.mysql.cj.exceptions.ExceptionFactory.createCommunicationsException(ExceptionFactory.java:167)
	at com.mysql.cj.protocol.a.NativeSocketConnection.connect(NativeSocketConnection.java:89)
	at com.mysql.cj.NativeSession.connect(NativeSession.java:144)
	at com.mysql.cj.jdbc.ConnectionImpl.connectOneTryOnly(ConnectionImpl.java:953)
	at com.mysql.cj.jdbc.ConnectionImpl.createNewIO(ConnectionImpl.java:823)
	... 132 common frames omitted
Caused by: java.net.ConnectException: Connection refused (Connection refused)
	at java.net.PlainSocketImpl.socketConnect(Native Method)
	at java.net.AbstractPlainSocketImpl.doConnect(AbstractPlainSocketImpl.java:350)
	at java.net.AbstractPlainSocketImpl.connectToAddress(AbstractPlainSocketImpl.java:206)
	at java.net.AbstractPlainSocketImpl.connect(AbstractPlainSocketImpl.java:188)
	at java.net.SocksSocketImpl.connect(SocksSocketImpl.java:392)
	at java.net.Socket.connect(Socket.java:589)
	at com.mysql.cj.protocol.StandardSocketFactory.connect(StandardSocketFactory.java:155)
	at com.mysql.cj.protocol.a.NativeSocketConnection.connect(NativeSocketConnection.java:63)
	... 135 common frames omitted
2022-02-05 21:52:07.600 ERROR o.a.c.c.C.[.[.[/business].[dispatcherServlet]     :175  [32mG5k2Nl6G[0;39m Servlet.service() for servlet [dispatcherServlet] in context with path [/business] threw exception [Request processing failed; nested exception is org.mybatis.spring.MyBatisSystemException: nested exception is org.apache.ibatis.exceptions.PersistenceException: 
### Error querying database.  Cause: org.springframework.jdbc.CannotGetJdbcConnectionException: Failed to obtain JDBC Connection; nested exception is com.mysql.cj.jdbc.exceptions.CommunicationsException: Communications link failure

The last packet sent successfully to the server was 0 milliseconds ago. The driver has not received any packets from the server.
### The error may exist in file [/Users/shunhewang/IdeaProjects/course/server/target/classes/mapper/CategoryMapper.xml]
### The error may involve com.course.server.mapper.CategoryMapper.selectByExample
### The error occurred while executing a query
### Cause: org.springframework.jdbc.CannotGetJdbcConnectionException: Failed to obtain JDBC Connection; nested exception is com.mysql.cj.jdbc.exceptions.CommunicationsException: Communications link failure

The last packet sent successfully to the server was 0 milliseconds ago. The driver has not received any packets from the server.] with root cause
java.net.ConnectException: Connection refused (Connection refused)
	at java.net.PlainSocketImpl.socketConnect(Native Method)
	at java.net.AbstractPlainSocketImpl.doConnect(AbstractPlainSocketImpl.java:350)
	at java.net.AbstractPlainSocketImpl.connectToAddress(AbstractPlainSocketImpl.java:206)
	at java.net.AbstractPlainSocketImpl.connect(AbstractPlainSocketImpl.java:188)
	at java.net.SocksSocketImpl.connect(SocksSocketImpl.java:392)
	at java.net.Socket.connect(Socket.java:589)
	at com.mysql.cj.protocol.StandardSocketFactory.connect(StandardSocketFactory.java:155)
	at com.mysql.cj.protocol.a.NativeSocketConnection.connect(NativeSocketConnection.java:63)
	at com.mysql.cj.NativeSession.connect(NativeSession.java:144)
	at com.mysql.cj.jdbc.ConnectionImpl.connectOneTryOnly(ConnectionImpl.java:953)
	at com.mysql.cj.jdbc.ConnectionImpl.createNewIO(ConnectionImpl.java:823)
	at com.mysql.cj.jdbc.ConnectionImpl.<init>(ConnectionImpl.java:453)
	at com.mysql.cj.jdbc.ConnectionImpl.getInstance(ConnectionImpl.java:246)
	at com.mysql.cj.jdbc.NonRegisteringDriver.connect(NonRegisteringDriver.java:198)
	at com.zaxxer.hikari.util.DriverDataSource.getConnection(DriverDataSource.java:138)
	at com.zaxxer.hikari.pool.PoolBase.newConnection(PoolBase.java:353)
	at com.zaxxer.hikari.pool.PoolBase.newPoolEntry(PoolBase.java:201)
	at com.zaxxer.hikari.pool.HikariPool.createPoolEntry(HikariPool.java:473)
	at com.zaxxer.hikari.pool.HikariPool.checkFailFast(HikariPool.java:562)
	at com.zaxxer.hikari.pool.HikariPool.<init>(HikariPool.java:115)
	at com.zaxxer.hikari.HikariDataSource.getConnection(HikariDataSource.java:112)
	at com.zaxxer.hikari.HikariDataSource$$FastClassBySpringCGLIB$$eeb1ae86.invoke(<generated>)
	at org.springframework.cglib.proxy.MethodProxy.invoke(MethodProxy.java:218)
	at org.springframework.aop.framework.CglibAopProxy$CglibMethodInvocation.invokeJoinpoint(CglibAopProxy.java:769)
	at org.springframework.aop.framework.ReflectiveMethodInvocation.proceed(ReflectiveMethodInvocation.java:163)
	at org.springframework.aop.framework.CglibAopProxy$CglibMethodInvocation.proceed(CglibAopProxy.java:747)
	at org.springframework.aop.support.DelegatingIntroductionInterceptor.doProceed(DelegatingIntroductionInterceptor.java:136)
	at org.springframework.aop.support.DelegatingIntroductionInterceptor.invoke(DelegatingIntroductionInterceptor.java:124)
	at org.springframework.aop.framework.ReflectiveMethodInvocation.proceed(ReflectiveMethodInvocation.java:186)
	at org.springframework.aop.framework.CglibAopProxy$CglibMethodInvocation.proceed(CglibAopProxy.java:747)
	at org.springframework.aop.framework.CglibAopProxy$DynamicAdvisedInterceptor.intercept(CglibAopProxy.java:689)
	at com.zaxxer.hikari.HikariDataSource$$EnhancerBySpringCGLIB$$19ed18a5.getConnection(<generated>)
	at org.springframework.jdbc.datasource.DataSourceUtils.fetchConnection(DataSourceUtils.java:158)
	at org.springframework.jdbc.datasource.DataSourceUtils.doGetConnection(DataSourceUtils.java:116)
	at org.springframework.jdbc.datasource.DataSourceUtils.getConnection(DataSourceUtils.java:79)
	at org.mybatis.spring.transaction.SpringManagedTransaction.openConnection(SpringManagedTransaction.java:82)
	at org.mybatis.spring.transaction.SpringManagedTransaction.getConnection(SpringManagedTransaction.java:68)
	at org.apache.ibatis.executor.BaseExecutor.getConnection(BaseExecutor.java:338)
	at org.apache.ibatis.executor.SimpleExecutor.prepareStatement(SimpleExecutor.java:84)
	at org.apache.ibatis.executor.SimpleExecutor.doQuery(SimpleExecutor.java:62)
	at org.apache.ibatis.executor.BaseExecutor.queryFromDatabase(BaseExecutor.java:326)
	at org.apache.ibatis.executor.BaseExecutor.query(BaseExecutor.java:156)
	at org.apache.ibatis.executor.CachingExecutor.query(CachingExecutor.java:109)
	at com.github.pagehelper.PageInterceptor.intercept(PageInterceptor.java:108)
	at org.apache.ibatis.plugin.Plugin.invoke(Plugin.java:61)
	at com.sun.proxy.$Proxy173.query(Unknown Source)
	at org.apache.ibatis.session.defaults.DefaultSqlSession.selectList(DefaultSqlSession.java:148)
	at org.apache.ibatis.session.defaults.DefaultSqlSession.selectList(DefaultSqlSession.java:141)
	at sun.reflect.NativeMethodAccessorImpl.invoke0(Native Method)
	at sun.reflect.NativeMethodAccessorImpl.invoke(NativeMethodAccessorImpl.java:62)
	at sun.reflect.DelegatingMethodAccessorImpl.invoke(DelegatingMethodAccessorImpl.java:43)
	at java.lang.reflect.Method.invoke(Method.java:498)
	at org.mybatis.spring.SqlSessionTemplate$SqlSessionInterceptor.invoke(SqlSessionTemplate.java:433)
	at com.sun.proxy.$Proxy126.selectList(Unknown Source)
	at org.mybatis.spring.SqlSessionTemplate.selectList(SqlSessionTemplate.java:230)
	at org.apache.ibatis.binding.MapperMethod.executeForMany(MapperMethod.java:139)
	at org.apache.ibatis.binding.MapperMethod.execute(MapperMethod.java:76)
	at org.apache.ibatis.binding.MapperProxy.invoke(MapperProxy.java:59)
	at com.sun.proxy.$Proxy127.selectByExample(Unknown Source)
	at com.course.server.service.CategoryService.all(CategoryService.java:42)
	at com.course.server.service.CategoryService$$FastClassBySpringCGLIB$$21fd5259.invoke(<generated>)
	at org.springframework.cglib.proxy.MethodProxy.invoke(MethodProxy.java:218)
	at org.springframework.aop.framework.CglibAopProxy$DynamicAdvisedInterceptor.intercept(CglibAopProxy.java:685)
	at com.course.server.service.CategoryService$$EnhancerBySpringCGLIB$$c4b50636.all(<generated>)
	at com.course.business.controller.admin.CategoryController.all(CategoryController.java:45)
	at com.course.business.controller.admin.CategoryController$$FastClassBySpringCGLIB$$d9a9643.invoke(<generated>)
	at org.springframework.cglib.proxy.MethodProxy.invoke(MethodProxy.java:218)
	at org.springframework.aop.framework.CglibAopProxy$CglibMethodInvocation.invokeJoinpoint(CglibAopProxy.java:769)
	at org.springframework.aop.framework.ReflectiveMethodInvocation.proceed(ReflectiveMethodInvocation.java:163)
	at org.springframework.aop.framework.CglibAopProxy$CglibMethodInvocation.proceed(CglibAopProxy.java:747)
	at org.springframework.aop.framework.adapter.MethodBeforeAdviceInterceptor.invoke(MethodBeforeAdviceInterceptor.java:56)
	at org.springframework.aop.framework.ReflectiveMethodInvocation.proceed(ReflectiveMethodInvocation.java:186)
	at org.springframework.aop.framework.CglibAopProxy$CglibMethodInvocation.proceed(CglibAopProxy.java:747)
	at org.springframework.aop.aspectj.MethodInvocationProceedingJoinPoint.proceed(MethodInvocationProceedingJoinPoint.java:88)
	at com.course.server.config.LogAspect.doAround(LogAspect.java:108)
	at sun.reflect.NativeMethodAccessorImpl.invoke0(Native Method)
	at sun.reflect.NativeMethodAccessorImpl.invoke(NativeMethodAccessorImpl.java:62)
	at sun.reflect.DelegatingMethodAccessorImpl.invoke(DelegatingMethodAccessorImpl.java:43)
	at java.lang.reflect.Method.invoke(Method.java:498)
	at org.springframework.aop.aspectj.AbstractAspectJAdvice.invokeAdviceMethodWithGivenArgs(AbstractAspectJAdvice.java:644)
	at org.springframework.aop.aspectj.AbstractAspectJAdvice.invokeAdviceMethod(AbstractAspectJAdvice.java:633)
	at org.springframework.aop.aspectj.AspectJAroundAdvice.invoke(AspectJAroundAdvice.java:70)
	at org.springframework.aop.framework.ReflectiveMethodInvocation.proceed(ReflectiveMethodInvocation.java:186)
	at org.springframework.aop.framework.CglibAopProxy$CglibMethodInvocation.proceed(CglibAopProxy.java:747)
	at org.springframework.aop.interceptor.ExposeInvocationInterceptor.invoke(ExposeInvocationInterceptor.java:93)
	at org.springframework.aop.framework.ReflectiveMethodInvocation.proceed(ReflectiveMethodInvocation.java:186)
	at org.springframework.aop.framework.CglibAopProxy$CglibMethodInvocation.proceed(CglibAopProxy.java:747)
	at org.springframework.aop.framework.CglibAopProxy$DynamicAdvisedInterceptor.intercept(CglibAopProxy.java:689)
	at com.course.business.controller.admin.CategoryController$$EnhancerBySpringCGLIB$$a80e670.all(<generated>)
	at sun.reflect.NativeMethodAccessorImpl.invoke0(Native Method)
	at sun.reflect.NativeMethodAccessorImpl.invoke(NativeMethodAccessorImpl.java:62)
	at sun.reflect.DelegatingMethodAccessorImpl.invoke(DelegatingMethodAccessorImpl.java:43)
	at java.lang.reflect.Method.invoke(Method.java:498)
	at org.springframework.web.method.support.InvocableHandlerMethod.doInvoke(InvocableHandlerMethod.java:190)
	at org.springframework.web.method.support.InvocableHandlerMethod.invokeForRequest(InvocableHandlerMethod.java:138)
	at org.springframework.web.servlet.mvc.method.annotation.ServletInvocableHandlerMethod.invokeAndHandle(ServletInvocableHandlerMethod.java:106)
	at org.springframework.web.servlet.mvc.method.annotation.RequestMappingHandlerAdapter.invokeHandlerMethod(RequestMappingHandlerAdapter.java:888)
	at org.springframework.web.servlet.mvc.method.annotation.RequestMappingHandlerAdapter.handleInternal(RequestMappingHandlerAdapter.java:793)
	at org.springframework.web.servlet.mvc.method.AbstractHandlerMethodAdapter.handle(AbstractHandlerMethodAdapter.java:87)
	at org.springframework.web.servlet.DispatcherServlet.doDispatch(DispatcherServlet.java:1040)
	at org.springframework.web.servlet.DispatcherServlet.doService(DispatcherServlet.java:943)
	at org.springframework.web.servlet.FrameworkServlet.processRequest(FrameworkServlet.java:1006)
	at org.springframework.web.servlet.FrameworkServlet.doPost(FrameworkServlet.java:909)
	at javax.servlet.http.HttpServlet.service(HttpServlet.java:660)
	at org.springframework.web.servlet.FrameworkServlet.service(FrameworkServlet.java:883)
	at javax.servlet.http.HttpServlet.service(HttpServlet.java:741)
	at org.apache.catalina.core.ApplicationFilterChain.internalDoFilter(ApplicationFilterChain.java:231)
	at org.apache.catalina.core.ApplicationFilterChain.doFilter(ApplicationFilterChain.java:166)
	at org.apache.tomcat.websocket.server.WsFilter.doFilter(WsFilter.java:53)
	at org.apache.catalina.core.ApplicationFilterChain.internalDoFilter(ApplicationFilterChain.java:193)
	at org.apache.catalina.core.ApplicationFilterChain.doFilter(ApplicationFilterChain.java:166)
	at org.springframework.web.filter.RequestContextFilter.doFilterInternal(RequestContextFilter.java:100)
	at org.springframework.web.filter.OncePerRequestFilter.doFilter(OncePerRequestFilter.java:119)
	at org.apache.catalina.core.ApplicationFilterChain.internalDoFilter(ApplicationFilterChain.java:193)
	at org.apache.catalina.core.ApplicationFilterChain.doFilter(ApplicationFilterChain.java:166)
	at org.springframework.web.filter.FormContentFilter.doFilterInternal(FormContentFilter.java:93)
	at org.springframework.web.filter.OncePerRequestFilter.doFilter(OncePerRequestFilter.java:119)
	at org.apache.catalina.core.ApplicationFilterChain.internalDoFilter(ApplicationFilterChain.java:193)
	at org.apache.catalina.core.ApplicationFilterChain.doFilter(ApplicationFilterChain.java:166)
	at org.springframework.boot.actuate.metrics.web.servlet.WebMvcMetricsFilter.doFilterInternal(WebMvcMetricsFilter.java:108)
	at org.springframework.web.filter.OncePerRequestFilter.doFilter(OncePerRequestFilter.java:119)
	at org.apache.catalina.core.ApplicationFilterChain.internalDoFilter(ApplicationFilterChain.java:193)
	at org.apache.catalina.core.ApplicationFilterChain.doFilter(ApplicationFilterChain.java:166)
	at org.springframework.web.filter.CharacterEncodingFilter.doFilterInternal(CharacterEncodingFilter.java:201)
	at org.springframework.web.filter.OncePerRequestFilter.doFilter(OncePerRequestFilter.java:119)
	at org.apache.catalina.core.ApplicationFilterChain.internalDoFilter(ApplicationFilterChain.java:193)
	at org.apache.catalina.core.ApplicationFilterChain.doFilter(ApplicationFilterChain.java:166)
	at org.apache.catalina.core.StandardWrapperValve.invoke(StandardWrapperValve.java:202)
	at org.apache.catalina.core.StandardContextValve.invoke(StandardContextValve.java:96)
	at org.apache.catalina.authenticator.AuthenticatorBase.invoke(AuthenticatorBase.java:526)
	at org.apache.catalina.core.StandardHostValve.invoke(StandardHostValve.java:139)
	at org.apache.catalina.valves.ErrorReportValve.invoke(ErrorReportValve.java:92)
	at org.apache.catalina.core.StandardEngineValve.invoke(StandardEngineValve.java:74)
	at org.apache.catalina.connector.CoyoteAdapter.service(CoyoteAdapter.java:343)
	at org.apache.coyote.http11.Http11Processor.service(Http11Processor.java:367)
	at org.apache.coyote.AbstractProcessorLight.process(AbstractProcessorLight.java:65)
	at org.apache.coyote.AbstractProtocol$ConnectionHandler.process(AbstractProtocol.java:860)
	at org.apache.tomcat.util.net.NioEndpoint$SocketProcessor.doRun(NioEndpoint.java:1591)
	at org.apache.tomcat.util.net.SocketProcessorBase.run(SocketProcessorBase.java:49)
	at java.util.concurrent.ThreadPoolExecutor.runWorker(ThreadPoolExecutor.java:1149)
	at java.util.concurrent.ThreadPoolExecutor$Worker.run(ThreadPoolExecutor.java:624)
	at org.apache.tomcat.util.threads.TaskThread$WrappingRunnable.run(TaskThread.java:61)
	at java.lang.Thread.run(Thread.java:748)
2022-02-05 21:52:24.024 INFO  com.course.server.config.LogAspect                :81   [32mVgSc0MT8[0;39m ------------- 【分类】操作开始 -------------
2022-02-05 21:52:24.026 INFO  com.course.server.config.LogAspect                :82   [32mVgSc0MT8[0;39m 请求地址: http://127.0.0.1:9002/business/admin/category/all POST
2022-02-05 21:52:24.027 INFO  com.course.server.config.LogAspect                :83   [32mVgSc0MT8[0;39m 类名方法: com.course.business.controller.admin.CategoryController.all
2022-02-05 21:52:24.028 INFO  com.course.server.config.LogAspect                :84   [32mVgSc0MT8[0;39m 远程地址: 127.0.0.1
2022-02-05 21:52:24.028 INFO  com.course.server.config.LogAspect                :102  [32mVgSc0MT8[0;39m 请求参数: []
2022-02-05 21:52:24.029 INFO  com.zaxxer.hikari.HikariDataSource                :110  [32mVgSc0MT8[0;39m HikariPool-1 - Starting...
2022-02-05 21:52:24.378 INFO  com.zaxxer.hikari.HikariDataSource                :123  [32mVgSc0MT8[0;39m HikariPool-1 - Start completed.
2022-02-05 21:52:24.388 DEBUG c.c.server.mapper.CategoryMapper.selectByExample  :159  [32mVgSc0MT8[0;39m ==>  Preparing: select id, parent, name, sort from category order by sort asc 
2022-02-05 21:52:24.426 DEBUG c.c.server.mapper.CategoryMapper.selectByExample  :159  [32mVgSc0MT8[0;39m ==> Parameters: 
2022-02-05 21:52:24.475 TRACE c.c.server.mapper.CategoryMapper.selectByExample  :165  [32mVgSc0MT8[0;39m <==    Columns: id, parent, name, sort
2022-02-05 21:52:24.476 TRACE c.c.server.mapper.CategoryMapper.selectByExample  :165  [32mVgSc0MT8[0;39m <==        Row: 6Y9qKmb2, GZtCxj1d, sub-test1, 3
2022-02-05 21:52:24.478 TRACE c.c.server.mapper.CategoryMapper.selectByExample  :165  [32mVgSc0MT8[0;39m <==        Row: c3rgAs1X, GZtCxj1d, sub-test2, 6
2022-02-05 21:52:24.479 TRACE c.c.server.mapper.CategoryMapper.selectByExample  :165  [32mVgSc0MT8[0;39m <==        Row: PV47HdAM, GZtCxj1d, sub-test9, 9
2022-02-05 21:52:24.480 TRACE c.c.server.mapper.CategoryMapper.selectByExample  :165  [32mVgSc0MT8[0;39m <==        Row: 00000100, 00000000, 前端技术, 100
2022-02-05 21:52:24.482 TRACE c.c.server.mapper.CategoryMapper.selectByExample  :165  [32mVgSc0MT8[0;39m <==        Row: 00000101, 00000100, html/css, 101
2022-02-05 21:52:24.483 TRACE c.c.server.mapper.CategoryMapper.selectByExample  :165  [32mVgSc0MT8[0;39m <==        Row: 00000102, 00000100, JavaScript, 102
2022-02-05 21:52:24.484 TRACE c.c.server.mapper.CategoryMapper.selectByExample  :165  [32mVgSc0MT8[0;39m <==        Row: 00000103, 00000100, vue.js, 103
2022-02-05 21:52:24.485 TRACE c.c.server.mapper.CategoryMapper.selectByExample  :165  [32mVgSc0MT8[0;39m <==        Row: 00000104, 00000100, react.js, 104
2022-02-05 21:52:24.486 TRACE c.c.server.mapper.CategoryMapper.selectByExample  :165  [32mVgSc0MT8[0;39m <==        Row: 00000105, 00000100, angular, 105
2022-02-05 21:52:24.487 TRACE c.c.server.mapper.CategoryMapper.selectByExample  :165  [32mVgSc0MT8[0;39m <==        Row: 00000106, 00000100, NodeJs, 106
2022-02-05 21:52:24.488 TRACE c.c.server.mapper.CategoryMapper.selectByExample  :165  [32mVgSc0MT8[0;39m <==        Row: 00000107, 00000100, JQuery, 107
2022-02-05 21:52:24.489 TRACE c.c.server.mapper.CategoryMapper.selectByExample  :165  [32mVgSc0MT8[0;39m <==        Row: 00000108, 00000100, 小程序, 108
2022-02-05 21:52:24.490 TRACE c.c.server.mapper.CategoryMapper.selectByExample  :165  [32mVgSc0MT8[0;39m <==        Row: 00000200, 00000000, 后端技术, 200
2022-02-05 21:52:24.491 TRACE c.c.server.mapper.CategoryMapper.selectByExample  :165  [32mVgSc0MT8[0;39m <==        Row: 00000201, 00000200, JAVA, 201
2022-02-05 21:52:24.491 TRACE c.c.server.mapper.CategoryMapper.selectByExample  :165  [32mVgSc0MT8[0;39m <==        Row: 00000202, 00000200, SpringBoot, 202
2022-02-05 21:52:24.492 TRACE c.c.server.mapper.CategoryMapper.selectByExample  :165  [32mVgSc0MT8[0;39m <==        Row: 00000203, 00000200, SpringCloud, 203
2022-02-05 21:52:24.495 TRACE c.c.server.mapper.CategoryMapper.selectByExample  :165  [32mVgSc0MT8[0;39m <==        Row: 00000204, 00000200, ssm, 204
2022-02-05 21:52:24.496 TRACE c.c.server.mapper.CategoryMapper.selectByExample  :165  [32mVgSc0MT8[0;39m <==        Row: 00000205, 00000200, Python, 205
2022-02-05 21:52:24.497 TRACE c.c.server.mapper.CategoryMapper.selectByExample  :165  [32mVgSc0MT8[0;39m <==        Row: 00000206, 00000200, 爬虫, 206
2022-02-05 21:52:24.498 TRACE c.c.server.mapper.CategoryMapper.selectByExample  :165  [32mVgSc0MT8[0;39m <==        Row: 00000300, 00000000, 移动开发, 300
2022-02-05 21:52:24.499 TRACE c.c.server.mapper.CategoryMapper.selectByExample  :165  [32mVgSc0MT8[0;39m <==        Row: 00000301, 00000300, Andriod, 301
2022-02-05 21:52:24.500 TRACE c.c.server.mapper.CategoryMapper.selectByExample  :165  [32mVgSc0MT8[0;39m <==        Row: 00000302, 00000300, iOS, 302
2022-02-05 21:52:24.500 TRACE c.c.server.mapper.CategoryMapper.selectByExample  :165  [32mVgSc0MT8[0;39m <==        Row: 00000303, 00000300, React native, 303
2022-02-05 21:52:24.501 TRACE c.c.server.mapper.CategoryMapper.selectByExample  :165  [32mVgSc0MT8[0;39m <==        Row: 00000304, 00000300, WEEX, 304
2022-02-05 21:52:24.502 TRACE c.c.server.mapper.CategoryMapper.selectByExample  :165  [32mVgSc0MT8[0;39m <==        Row: 00000400, 00000000, 计算机基础, 400
2022-02-05 21:52:24.502 TRACE c.c.server.mapper.CategoryMapper.selectByExample  :165  [32mVgSc0MT8[0;39m <==        Row: 00000401, 00000400, 计算机网络, 401
2022-02-05 21:52:24.503 TRACE c.c.server.mapper.CategoryMapper.selectByExample  :165  [32mVgSc0MT8[0;39m <==        Row: 00000402, 00000400, 算法与数据结构, 402
2022-02-05 21:52:24.504 TRACE c.c.server.mapper.CategoryMapper.selectByExample  :165  [32mVgSc0MT8[0;39m <==        Row: 00000403, 00000400, 数学, 403
2022-02-05 21:52:24.505 TRACE c.c.server.mapper.CategoryMapper.selectByExample  :165  [32mVgSc0MT8[0;39m <==        Row: 00000404, 00000400, Mysql, 404
2022-02-05 21:52:24.505 TRACE c.c.server.mapper.CategoryMapper.selectByExample  :165  [32mVgSc0MT8[0;39m <==        Row: 00000405, 00000400, Redis, 405
2022-02-05 21:52:24.506 TRACE c.c.server.mapper.CategoryMapper.selectByExample  :165  [32mVgSc0MT8[0;39m <==        Row: 00000406, 00000400, MongoDB, 406
2022-02-05 21:52:24.507 TRACE c.c.server.mapper.CategoryMapper.selectByExample  :165  [32mVgSc0MT8[0;39m <==        Row: 00000407, 00000400, Oracle, 407
2022-02-05 21:52:24.507 TRACE c.c.server.mapper.CategoryMapper.selectByExample  :165  [32mVgSc0MT8[0;39m <==        Row: 00000408, 00000400, SQL Server, 408
2022-02-05 21:52:24.508 TRACE c.c.server.mapper.CategoryMapper.selectByExample  :165  [32mVgSc0MT8[0;39m <==        Row: 00000409, 00000400, NoSql, 409
2022-02-05 21:52:24.508 TRACE c.c.server.mapper.CategoryMapper.selectByExample  :165  [32mVgSc0MT8[0;39m <==        Row: 00000500, 00000000, 前沿技术, 500
2022-02-05 21:52:24.509 TRACE c.c.server.mapper.CategoryMapper.selectByExample  :165  [32mVgSc0MT8[0;39m <==        Row: 00000501, 00000500, 微服务, 501
2022-02-05 21:52:24.509 TRACE c.c.server.mapper.CategoryMapper.selectByExample  :165  [32mVgSc0MT8[0;39m <==        Row: 00000502, 00000500, 区块链, 502
2022-02-05 21:52:24.509 TRACE c.c.server.mapper.CategoryMapper.selectByExample  :165  [32mVgSc0MT8[0;39m <==        Row: 00000503, 00000500, 以太坊, 503
2022-02-05 21:52:24.510 TRACE c.c.server.mapper.CategoryMapper.selectByExample  :165  [32mVgSc0MT8[0;39m <==        Row: 00000504, 00000500, 机器学习, 504
2022-02-05 21:52:24.511 TRACE c.c.server.mapper.CategoryMapper.selectByExample  :165  [32mVgSc0MT8[0;39m <==        Row: 00000505, 00000500, 深度学习, 505
2022-02-05 21:52:24.512 TRACE c.c.server.mapper.CategoryMapper.selectByExample  :165  [32mVgSc0MT8[0;39m <==        Row: 00000506, 00000500, 计算机视觉, 506
2022-02-05 21:52:24.513 TRACE c.c.server.mapper.CategoryMapper.selectByExample  :165  [32mVgSc0MT8[0;39m <==        Row: 00000507, 00000500, 自然语言处理, 507
2022-02-05 21:52:24.514 TRACE c.c.server.mapper.CategoryMapper.selectByExample  :165  [32mVgSc0MT8[0;39m <==        Row: 00000508, 00000500, 数据分析&挖掘, 508
2022-02-05 21:52:24.515 TRACE c.c.server.mapper.CategoryMapper.selectByExample  :165  [32mVgSc0MT8[0;39m <==        Row: 00000509, 00000500, 大数据, 509
2022-02-05 21:52:24.516 TRACE c.c.server.mapper.CategoryMapper.selectByExample  :165  [32mVgSc0MT8[0;39m <==        Row: 00000510, 00000500, Hadoop, 510
2022-02-05 21:52:24.517 TRACE c.c.server.mapper.CategoryMapper.selectByExample  :165  [32mVgSc0MT8[0;39m <==        Row: 00000511, 00000500, Spark, 511
2022-02-05 21:52:24.518 TRACE c.c.server.mapper.CategoryMapper.selectByExample  :165  [32mVgSc0MT8[0;39m <==        Row: 00000512, 00000500, Hbase, 512
2022-02-05 21:52:24.518 TRACE c.c.server.mapper.CategoryMapper.selectByExample  :165  [32mVgSc0MT8[0;39m <==        Row: 00000513, 00000500, Flink, 513
2022-02-05 21:52:24.519 TRACE c.c.server.mapper.CategoryMapper.selectByExample  :165  [32mVgSc0MT8[0;39m <==        Row: 00000514, 00000500, Storm, 514
2022-02-05 21:52:24.520 TRACE c.c.server.mapper.CategoryMapper.selectByExample  :165  [32mVgSc0MT8[0;39m <==        Row: 00000515, 00000500, 云计算, 515
2022-02-05 21:52:24.520 TRACE c.c.server.mapper.CategoryMapper.selectByExample  :165  [32mVgSc0MT8[0;39m <==        Row: 00000516, 00000500, AWS, 516
2022-02-05 21:52:24.521 TRACE c.c.server.mapper.CategoryMapper.selectByExample  :165  [32mVgSc0MT8[0;39m <==        Row: 00000517, 00000500, Docker, 517
2022-02-05 21:52:24.522 TRACE c.c.server.mapper.CategoryMapper.selectByExample  :165  [32mVgSc0MT8[0;39m <==        Row: 00000518, 00000500, Kubernetes, 518
2022-02-05 21:52:24.522 TRACE c.c.server.mapper.CategoryMapper.selectByExample  :165  [32mVgSc0MT8[0;39m <==        Row: 00000600, 00000000, 测试运维, 600
2022-02-05 21:52:24.523 TRACE c.c.server.mapper.CategoryMapper.selectByExample  :165  [32mVgSc0MT8[0;39m <==        Row: 00000601, 00000600, 运维, 601
2022-02-05 21:52:24.523 TRACE c.c.server.mapper.CategoryMapper.selectByExample  :165  [32mVgSc0MT8[0;39m <==        Row: 00000602, 00000600, 自动化运维, 602
2022-02-05 21:52:24.524 TRACE c.c.server.mapper.CategoryMapper.selectByExample  :165  [32mVgSc0MT8[0;39m <==        Row: 00000603, 00000600, 运维工具, 603
2022-02-05 21:52:24.524 TRACE c.c.server.mapper.CategoryMapper.selectByExample  :165  [32mVgSc0MT8[0;39m <==        Row: 00000604, 00000600, 中间件, 604
2022-02-05 21:52:24.525 TRACE c.c.server.mapper.CategoryMapper.selectByExample  :165  [32mVgSc0MT8[0;39m <==        Row: 00000605, 00000600, Linux, 605
2022-02-05 21:52:24.527 TRACE c.c.server.mapper.CategoryMapper.selectByExample  :165  [32mVgSc0MT8[0;39m <==        Row: 00000606, 00000600, 测试, 606
2022-02-05 21:52:24.528 TRACE c.c.server.mapper.CategoryMapper.selectByExample  :165  [32mVgSc0MT8[0;39m <==        Row: 00000607, 00000600, 功能测试, 607
2022-02-05 21:52:24.529 TRACE c.c.server.mapper.CategoryMapper.selectByExample  :165  [32mVgSc0MT8[0;39m <==        Row: 00000608, 00000600, 性能测试, 608
2022-02-05 21:52:24.530 TRACE c.c.server.mapper.CategoryMapper.selectByExample  :165  [32mVgSc0MT8[0;39m <==        Row: 00000609, 00000600, 自动化测试, 609
2022-02-05 21:52:24.531 TRACE c.c.server.mapper.CategoryMapper.selectByExample  :165  [32mVgSc0MT8[0;39m <==        Row: 00000610, 00000600, 接口测试, 610
2022-02-05 21:52:24.532 TRACE c.c.server.mapper.CategoryMapper.selectByExample  :165  [32mVgSc0MT8[0;39m <==        Row: 00000611, 00000600, 安全测试, 611
2022-02-05 21:52:24.532 TRACE c.c.server.mapper.CategoryMapper.selectByExample  :165  [32mVgSc0MT8[0;39m <==        Row: GZtCxj1d, 00000000, test, 369963
2022-02-05 21:52:24.533 DEBUG c.c.server.mapper.CategoryMapper.selectByExample  :159  [32mVgSc0MT8[0;39m <==      Total: 66
2022-02-05 21:52:24.577 INFO  com.course.server.config.LogAspect                :114  [32mVgSc0MT8[0;39m 返回结果: {"content":[{"id":"6Y9qKmb2","name":"sub-test1","parent":"GZtCxj1d","sort":3},{"id":"c3rgAs1X","name":"sub-test2","parent":"GZtCxj1d","sort":6},{"id":"PV47HdAM","name":"sub-test9","parent":"GZtCxj1d","sort":9},{"id":"00000100","name":"前端技术","parent":"00000000","sort":100},{"id":"00000101","name":"html/css","parent":"00000100","sort":101},{"id":"00000102","name":"JavaScript","parent":"00000100","sort":102},{"id":"00000103","name":"vue.js","parent":"00000100","sort":103},{"id":"00000104","name":"react.js","parent":"00000100","sort":104},{"id":"00000105","name":"angular","parent":"00000100","sort":105},{"id":"00000106","name":"NodeJs","parent":"00000100","sort":106},{"id":"00000107","name":"JQuery","parent":"00000100","sort":107},{"id":"00000108","name":"小程序","parent":"00000100","sort":108},{"id":"00000200","name":"后端技术","parent":"00000000","sort":200},{"id":"00000201","name":"JAVA","parent":"00000200","sort":201},{"id":"00000202","name":"SpringBoot","parent":"00000200","sort":202},{"id":"00000203","name":"SpringCloud","parent":"00000200","sort":203},{"id":"00000204","name":"ssm","parent":"00000200","sort":204},{"id":"00000205","name":"Python","parent":"00000200","sort":205},{"id":"00000206","name":"爬虫","parent":"00000200","sort":206},{"id":"00000300","name":"移动开发","parent":"00000000","sort":300},{"id":"00000301","name":"Andriod","parent":"00000300","sort":301},{"id":"00000302","name":"iOS","parent":"00000300","sort":302},{"id":"00000303","name":"React native","parent":"00000300","sort":303},{"id":"00000304","name":"WEEX","parent":"00000300","sort":304},{"id":"00000400","name":"计算机基础","parent":"00000000","sort":400},{"id":"00000401","name":"计算机网络","parent":"00000400","sort":401},{"id":"00000402","name":"算法与数据结构","parent":"00000400","sort":402},{"id":"00000403","name":"数学","parent":"00000400","sort":403},{"id":"00000404","name":"Mysql","parent":"00000400","sort":404},{"id":"00000405","name":"Redis","parent":"00000400","sort":405},{"id":"00000406","name":"MongoDB","parent":"00000400","sort":406},{"id":"00000407","name":"Oracle","parent":"00000400","sort":407},{"id":"00000408","name":"SQL Server","parent":"00000400","sort":408},{"id":"00000409","name":"NoSql","parent":"00000400","sort":409},{"id":"00000500","name":"前沿技术","parent":"00000000","sort":500},{"id":"00000501","name":"微服务","parent":"00000500","sort":501},{"id":"00000502","name":"区块链","parent":"00000500","sort":502},{"id":"00000503","name":"以太坊","parent":"00000500","sort":503},{"id":"00000504","name":"机器学习","parent":"00000500","sort":504},{"id":"00000505","name":"深度学习","parent":"00000500","sort":505},{"id":"00000506","name":"计算机视觉","parent":"00000500","sort":506},{"id":"00000507","name":"自然语言处理","parent":"00000500","sort":507},{"id":"00000508","name":"数据分析&挖掘","parent":"00000500","sort":508},{"id":"00000509","name":"大数据","parent":"00000500","sort":509},{"id":"00000510","name":"Hadoop","parent":"00000500","sort":510},{"id":"00000511","name":"Spark","parent":"00000500","sort":511},{"id":"00000512","name":"Hbase","parent":"00000500","sort":512},{"id":"00000513","name":"Flink","parent":"00000500","sort":513},{"id":"00000514","name":"Storm","parent":"00000500","sort":514},{"id":"00000515","name":"云计算","parent":"00000500","sort":515},{"id":"00000516","name":"AWS","parent":"00000500","sort":516},{"id":"00000517","name":"Docker","parent":"00000500","sort":517},{"id":"00000518","name":"Kubernetes","parent":"00000500","sort":518},{"id":"00000600","name":"测试运维","parent":"00000000","sort":600},{"id":"00000601","name":"运维","parent":"00000600","sort":601},{"id":"00000602","name":"自动化运维","parent":"00000600","sort":602},{"id":"00000603","name":"运维工具","parent":"00000600","sort":603},{"id":"00000604","name":"中间件","parent":"00000600","sort":604},{"id":"00000605","name":"Linux","parent":"00000600","sort":605},{"id":"00000606","name":"测试","parent":"00000600","sort":606},{"id":"00000607","name":"功能测试","parent":"00000600","sort":607},{"id":"00000608","name":"性能测试","parent":"00000600","sort":608},{"id":"00000609","name":"自动化测试","parent":"00000600","sort":609},{"id":"00000610","name":"接口测试","parent":"00000600","sort":610},{"id":"00000611","name":"安全测试","parent":"00000600","sort":611},{"id":"GZtCxj1d","name":"test","parent":"00000000","sort":369963}],"success":true}
2022-02-05 21:52:24.579 INFO  com.course.server.config.LogAspect                :115  [32mVgSc0MT8[0;39m ------------- 结束 耗时：555 ms -------------
2022-02-05 21:52:34.627 INFO  com.course.server.config.LogAspect                :81   [32mMJze9x0E[0;39m ------------- 【课程】查询开始 -------------
2022-02-05 21:52:34.627 INFO  com.course.server.config.LogAspect                :82   [32mMJze9x0E[0;39m 请求地址: http://127.0.0.1:9002/business/admin/course/list POST
2022-02-05 21:52:34.628 INFO  com.course.server.config.LogAspect                :83   [32mMJze9x0E[0;39m 类名方法: com.course.business.controller.admin.CourseController.list
2022-02-05 21:52:34.628 INFO  com.course.server.config.LogAspect                :84   [32mMJze9x0E[0;39m 远程地址: 127.0.0.1
2022-02-05 21:52:34.633 INFO  com.course.server.config.LogAspect                :102  [32mMJze9x0E[0;39m 请求参数: [{"page":1,"size":5,"total":0}]
2022-02-05 21:52:34.701 DEBUG c.c.s.mapper.CourseMapper.selectByExample_COUNT   :159  [32mMJze9x0E[0;39m ==>  Preparing: SELECT count(0) FROM course 
2022-02-05 21:52:34.702 DEBUG c.c.s.mapper.CourseMapper.selectByExample_COUNT   :159  [32mMJze9x0E[0;39m ==> Parameters: 
2022-02-05 21:52:34.711 TRACE c.c.s.mapper.CourseMapper.selectByExample_COUNT   :165  [32mMJze9x0E[0;39m <==    Columns: count(0)
2022-02-05 21:52:34.711 TRACE c.c.s.mapper.CourseMapper.selectByExample_COUNT   :165  [32mMJze9x0E[0;39m <==        Row: 2
2022-02-05 21:52:34.713 DEBUG c.c.s.mapper.CourseMapper.selectByExample_COUNT   :159  [32mMJze9x0E[0;39m <==      Total: 1
2022-02-05 21:52:34.716 DEBUG c.c.server.mapper.CourseMapper.selectByExample    :159  [32mMJze9x0E[0;39m ==>  Preparing: select id, name, summary, time, price, image, level, charge, status, enroll, sort, created_at, updated_at from course order by sort asc LIMIT ? 
2022-02-05 21:52:34.717 DEBUG c.c.server.mapper.CourseMapper.selectByExample    :159  [32mMJze9x0E[0;39m ==> Parameters: 5(Integer)
2022-02-05 21:52:34.720 TRACE c.c.server.mapper.CourseMapper.selectByExample    :165  [32mMJze9x0E[0;39m <==    Columns: id, name, summary, time, price, image, level, charge, status, enroll, sort, created_at, updated_at
2022-02-05 21:52:34.724 TRACE c.c.server.mapper.CourseMapper.selectByExample    :165  [32mMJze9x0E[0;39m <==        Row: 000001, test001, 这是test001, 140999, 33.00, null, 2, F, D, null, null, 2021-11-26 13:59:55.940, 2021-11-26 13:59:55.940
2022-02-05 21:52:34.726 TRACE c.c.server.mapper.CourseMapper.selectByExample    :165  [32mMJze9x0E[0;39m <==        Row: rxqxHLxR, test002, 这是test002, 999, 66.00, null, 3, C, P, null, null, 2021-11-26 14:00:18.369, 2021-11-26 14:00:18.369
2022-02-05 21:52:34.727 DEBUG c.c.server.mapper.CourseMapper.selectByExample    :159  [32mMJze9x0E[0;39m <==      Total: 2
2022-02-05 21:52:34.743 INFO  com.course.server.config.LogAspect                :114  [32mMJze9x0E[0;39m 返回结果: {"content":{"list":[{"charge":"F","createdAt":1637935195940,"id":"000001","level":"2","name":"test001","price":33.00,"status":"D","summary":"这是test001","time":140999,"updatedAt":1637935195940},{"charge":"C","createdAt":1637935218369,"id":"rxqxHLxR","level":"3","name":"test002","price":66.00,"status":"P","summary":"这是test002","time":999,"updatedAt":1637935218369}],"page":1,"size":5,"total":2},"success":true}
2022-02-05 21:52:34.743 INFO  com.course.server.config.LogAspect                :115  [32mMJze9x0E[0;39m ------------- 结束 耗时：116 ms -------------
2022-02-05 21:52:38.443 INFO  com.course.server.config.LogAspect                :81   [32mGWMExpTY[0;39m ------------- 【大章】查询开始 -------------
2022-02-05 21:52:38.444 INFO  com.course.server.config.LogAspect                :82   [32mGWMExpTY[0;39m 请求地址: http://127.0.0.1:9002/business/admin/chapter/list POST
2022-02-05 21:52:38.444 INFO  com.course.server.config.LogAspect                :83   [32mGWMExpTY[0;39m 类名方法: com.course.business.controller.admin.ChapterController.list
2022-02-05 21:52:38.445 INFO  com.course.server.config.LogAspect                :84   [32mGWMExpTY[0;39m 远程地址: 127.0.0.1
2022-02-05 21:52:38.449 INFO  com.course.server.config.LogAspect                :102  [32mGWMExpTY[0;39m 请求参数: [{"courseId":"000001","page":1,"size":5,"total":0}]
2022-02-05 21:52:38.484 DEBUG c.c.s.mapper.ChapterMapper.selectByExample_COUNT  :159  [32mGWMExpTY[0;39m ==>  Preparing: SELECT count(0) FROM chapter WHERE (course_id = ?) 
2022-02-05 21:52:38.485 DEBUG c.c.s.mapper.ChapterMapper.selectByExample_COUNT  :159  [32mGWMExpTY[0;39m ==> Parameters: 000001(String)
2022-02-05 21:52:38.494 TRACE c.c.s.mapper.ChapterMapper.selectByExample_COUNT  :165  [32mGWMExpTY[0;39m <==    Columns: count(0)
2022-02-05 21:52:38.494 TRACE c.c.s.mapper.ChapterMapper.selectByExample_COUNT  :165  [32mGWMExpTY[0;39m <==        Row: 3
2022-02-05 21:52:38.495 DEBUG c.c.s.mapper.ChapterMapper.selectByExample_COUNT  :159  [32mGWMExpTY[0;39m <==      Total: 1
2022-02-05 21:52:38.496 DEBUG c.c.server.mapper.ChapterMapper.selectByExample   :159  [32mGWMExpTY[0;39m ==>  Preparing: select id, course_id, name from chapter WHERE ( course_id = ? ) LIMIT ? 
2022-02-05 21:52:38.497 DEBUG c.c.server.mapper.ChapterMapper.selectByExample   :159  [32mGWMExpTY[0;39m ==> Parameters: 000001(String), 5(Integer)
2022-02-05 21:52:38.498 TRACE c.c.server.mapper.ChapterMapper.selectByExample   :165  [32mGWMExpTY[0;39m <==    Columns: id, course_id, name
2022-02-05 21:52:38.499 TRACE c.c.server.mapper.ChapterMapper.selectByExample   :165  [32mGWMExpTY[0;39m <==        Row: CqJ53uIt, 000001, C
2022-02-05 21:52:38.499 TRACE c.c.server.mapper.ChapterMapper.selectByExample   :165  [32mGWMExpTY[0;39m <==        Row: cvi21iCD, 000001, SpringCloud
2022-02-05 21:52:38.499 TRACE c.c.server.mapper.ChapterMapper.selectByExample   :165  [32mGWMExpTY[0;39m <==        Row: OX6CcPRS, 000001, Java
2022-02-05 21:52:38.500 DEBUG c.c.server.mapper.ChapterMapper.selectByExample   :159  [32mGWMExpTY[0;39m <==      Total: 3
2022-02-05 21:52:38.507 INFO  com.course.server.config.LogAspect                :114  [32mGWMExpTY[0;39m 返回结果: {"content":{"courseId":"000001","list":[{"courseId":"000001","id":"CqJ53uIt","name":"C"},{"courseId":"000001","id":"cvi21iCD","name":"SpringCloud"},{"courseId":"000001","id":"OX6CcPRS","name":"Java"}],"page":1,"size":5,"total":3},"success":true}
2022-02-05 21:52:38.508 INFO  com.course.server.config.LogAspect                :115  [32mGWMExpTY[0;39m ------------- 结束 耗时：65 ms -------------
2022-02-05 21:52:41.441 INFO  com.course.server.config.LogAspect                :81   [32mcnTDYeKt[0;39m ------------- 【课程】查询开始 -------------
2022-02-05 21:52:41.441 INFO  com.course.server.config.LogAspect                :82   [32mcnTDYeKt[0;39m 请求地址: http://127.0.0.1:9002/business/admin/course/list POST
2022-02-05 21:52:41.442 INFO  com.course.server.config.LogAspect                :83   [32mcnTDYeKt[0;39m 类名方法: com.course.business.controller.admin.CourseController.list
2022-02-05 21:52:41.442 INFO  com.course.server.config.LogAspect                :84   [32mcnTDYeKt[0;39m 远程地址: 127.0.0.1
2022-02-05 21:52:41.443 INFO  com.course.server.config.LogAspect                :102  [32mcnTDYeKt[0;39m 请求参数: [{"page":1,"size":5,"total":0}]
2022-02-05 21:52:41.445 DEBUG c.c.s.mapper.CourseMapper.selectByExample_COUNT   :159  [32mcnTDYeKt[0;39m ==>  Preparing: SELECT count(0) FROM course 
2022-02-05 21:52:41.446 DEBUG c.c.s.mapper.CourseMapper.selectByExample_COUNT   :159  [32mcnTDYeKt[0;39m ==> Parameters: 
2022-02-05 21:52:41.447 TRACE c.c.s.mapper.CourseMapper.selectByExample_COUNT   :165  [32mcnTDYeKt[0;39m <==    Columns: count(0)
2022-02-05 21:52:41.448 TRACE c.c.s.mapper.CourseMapper.selectByExample_COUNT   :165  [32mcnTDYeKt[0;39m <==        Row: 2
2022-02-05 21:52:41.448 DEBUG c.c.s.mapper.CourseMapper.selectByExample_COUNT   :159  [32mcnTDYeKt[0;39m <==      Total: 1
2022-02-05 21:52:41.449 DEBUG c.c.server.mapper.CourseMapper.selectByExample    :159  [32mcnTDYeKt[0;39m ==>  Preparing: select id, name, summary, time, price, image, level, charge, status, enroll, sort, created_at, updated_at from course order by sort asc LIMIT ? 
2022-02-05 21:52:41.449 DEBUG c.c.server.mapper.CourseMapper.selectByExample    :159  [32mcnTDYeKt[0;39m ==> Parameters: 5(Integer)
2022-02-05 21:52:41.450 TRACE c.c.server.mapper.CourseMapper.selectByExample    :165  [32mcnTDYeKt[0;39m <==    Columns: id, name, summary, time, price, image, level, charge, status, enroll, sort, created_at, updated_at
2022-02-05 21:52:41.451 TRACE c.c.server.mapper.CourseMapper.selectByExample    :165  [32mcnTDYeKt[0;39m <==        Row: 000001, test001, 这是test001, 140999, 33.00, null, 2, F, D, null, null, 2021-11-26 13:59:55.940, 2021-11-26 13:59:55.940
2022-02-05 21:52:41.452 TRACE c.c.server.mapper.CourseMapper.selectByExample    :165  [32mcnTDYeKt[0;39m <==        Row: rxqxHLxR, test002, 这是test002, 999, 66.00, null, 3, C, P, null, null, 2021-11-26 14:00:18.369, 2021-11-26 14:00:18.369
2022-02-05 21:52:41.453 DEBUG c.c.server.mapper.CourseMapper.selectByExample    :159  [32mcnTDYeKt[0;39m <==      Total: 2
2022-02-05 21:52:41.454 INFO  com.course.server.config.LogAspect                :114  [32mcnTDYeKt[0;39m 返回结果: {"content":{"list":[{"charge":"F","createdAt":1637935195940,"id":"000001","level":"2","name":"test001","price":33.00,"status":"D","summary":"这是test001","time":140999,"updatedAt":1637935195940},{"charge":"C","createdAt":1637935218369,"id":"rxqxHLxR","level":"3","name":"test002","price":66.00,"status":"P","summary":"这是test002","time":999,"updatedAt":1637935218369}],"page":1,"size":5,"total":2},"success":true}
2022-02-05 21:52:41.454 INFO  com.course.server.config.LogAspect                :115  [32mcnTDYeKt[0;39m ------------- 结束 耗时：14 ms -------------
2022-02-05 21:54:16.738 INFO  c.n.d.shared.resolver.aws.ConfigClusterResolver   :43   [32m        [0;39m Resolving eureka endpoints via configuration
2022-02-05 21:59:16.740 INFO  c.n.d.shared.resolver.aws.ConfigClusterResolver   :43   [32m        [0;39m Resolving eureka endpoints via configuration
2022-02-05 22:04:16.730 INFO  c.n.d.shared.resolver.aws.ConfigClusterResolver   :43   [32m        [0;39m Resolving eureka endpoints via configuration
2022-02-05 22:09:16.720 INFO  c.n.d.shared.resolver.aws.ConfigClusterResolver   :43   [32m        [0;39m Resolving eureka endpoints via configuration
2022-02-05 22:14:16.724 INFO  c.n.d.shared.resolver.aws.ConfigClusterResolver   :43   [32m        [0;39m Resolving eureka endpoints via configuration
2022-02-05 22:19:36.531 WARN  com.zaxxer.hikari.pool.HikariPool                 :787  [32m        [0;39m HikariPool-1 - Thread starvation or clock leap detected (housekeeper delta=5m11s936ms).
2022-02-05 22:25:18.429 WARN  com.zaxxer.hikari.pool.HikariPool                 :787  [32m        [0;39m HikariPool-1 - Thread starvation or clock leap detected (housekeeper delta=5m11s891ms).
2022-02-05 22:30:24.680 INFO  com.netflix.discovery.DiscoveryClient             :868  [32m        [0;39m DiscoveryClient_BUSINESS/192.168.2.12:business:9002 - Re-registering apps/BUSINESS
2022-02-05 22:30:24.681 INFO  com.netflix.discovery.DiscoveryClient             :844  [32m        [0;39m DiscoveryClient_BUSINESS/192.168.2.12:business:9002: registering service...
2022-02-05 22:30:24.694 INFO  com.netflix.discovery.DiscoveryClient             :853  [32m        [0;39m DiscoveryClient_BUSINESS/192.168.2.12:business:9002 - registration status: 204
2022-02-05 22:30:30.411 WARN  com.zaxxer.hikari.pool.HikariPool                 :787  [32m        [0;39m HikariPool-1 - Thread starvation or clock leap detected (housekeeper delta=5m11s982ms).
2022-02-05 22:36:12.336 WARN  com.zaxxer.hikari.pool.HikariPool                 :787  [32m        [0;39m HikariPool-1 - Thread starvation or clock leap detected (housekeeper delta=5m11s904ms).
2022-02-05 22:41:48.590 INFO  com.netflix.discovery.DiscoveryClient             :868  [32m        [0;39m DiscoveryClient_BUSINESS/192.168.2.12:business:9002 - Re-registering apps/BUSINESS
2022-02-05 22:41:48.592 INFO  com.netflix.discovery.DiscoveryClient             :844  [32m        [0;39m DiscoveryClient_BUSINESS/192.168.2.12:business:9002: registering service...
2022-02-05 22:41:48.621 INFO  com.netflix.discovery.DiscoveryClient             :853  [32m        [0;39m DiscoveryClient_BUSINESS/192.168.2.12:business:9002 - registration status: 204
2022-02-05 22:41:54.243 WARN  com.zaxxer.hikari.pool.HikariPool                 :787  [32m        [0;39m HikariPool-1 - Thread starvation or clock leap detected (housekeeper delta=5m11s904ms).
2022-02-05 22:47:06.220 WARN  com.zaxxer.hikari.pool.HikariPool                 :787  [32m        [0;39m HikariPool-1 - Thread starvation or clock leap detected (housekeeper delta=5m11s978ms).
2022-02-05 22:47:28.314 INFO  c.n.d.shared.resolver.aws.ConfigClusterResolver   :43   [32m        [0;39m Resolving eureka endpoints via configuration
2022-02-05 22:52:48.149 WARN  com.zaxxer.hikari.pool.HikariPool                 :787  [32m        [0;39m HikariPool-1 - Thread starvation or clock leap detected (housekeeper delta=5m11s922ms).
2022-02-05 22:58:35.262 WARN  com.zaxxer.hikari.pool.HikariPool                 :787  [32m        [0;39m HikariPool-1 - Thread starvation or clock leap detected (housekeeper delta=5m17s95ms).
2022-02-05 23:04:17.168 WARN  com.zaxxer.hikari.pool.HikariPool                 :787  [32m        [0;39m HikariPool-1 - Thread starvation or clock leap detected (housekeeper delta=5m11s909ms).
2022-02-05 23:09:29.109 WARN  com.zaxxer.hikari.pool.HikariPool                 :787  [32m        [0;39m HikariPool-1 - Thread starvation or clock leap detected (housekeeper delta=5m11s942ms).
2022-02-05 23:15:11.058 WARN  com.zaxxer.hikari.pool.HikariPool                 :787  [32m        [0;39m HikariPool-1 - Thread starvation or clock leap detected (housekeeper delta=5m11s939ms).
2022-02-05 23:20:45.085 INFO  c.n.d.shared.resolver.aws.ConfigClusterResolver   :43   [32m        [0;39m Resolving eureka endpoints via configuration
2022-02-05 23:20:53.069 WARN  com.zaxxer.hikari.pool.HikariPool                 :787  [32m        [0;39m HikariPool-1 - Thread starvation or clock leap detected (housekeeper delta=5m12s3ms).
2022-02-05 23:26:04.991 WARN  com.zaxxer.hikari.pool.HikariPool                 :787  [32m        [0;39m HikariPool-1 - Thread starvation or clock leap detected (housekeeper delta=5m11s921ms).
2022-02-05 23:31:46.898 WARN  com.zaxxer.hikari.pool.HikariPool                 :787  [32m        [0;39m HikariPool-1 - Thread starvation or clock leap detected (housekeeper delta=5m11s911ms).
2022-02-05 23:37:58.866 WARN  com.zaxxer.hikari.pool.HikariPool                 :787  [32m        [0;39m HikariPool-1 - Thread starvation or clock leap detected (housekeeper delta=5m11s926ms).
2022-02-05 23:43:45.939 WARN  com.zaxxer.hikari.pool.HikariPool                 :787  [32m        [0;39m HikariPool-1 - Thread starvation or clock leap detected (housekeeper delta=5m17s70ms).
2022-02-05 23:49:19.821 INFO  c.n.d.shared.resolver.aws.ConfigClusterResolver   :43   [32m        [0;39m Resolving eureka endpoints via configuration
2022-02-05 23:49:27.869 WARN  com.zaxxer.hikari.pool.HikariPool                 :787  [32m        [0;39m HikariPool-1 - Thread starvation or clock leap detected (housekeeper delta=5m11s916ms).
2022-02-05 23:54:39.832 WARN  com.zaxxer.hikari.pool.HikariPool                 :787  [32m        [0;39m HikariPool-1 - Thread starvation or clock leap detected (housekeeper delta=5m11s963ms).
