2021-10-10 20:09:27.615 INFO  o.s.c.s.PostProcessorRegistrationDelegate$BeanPostProcessorChecker:330  [32m        [0;39m Bean 'org.springframework.cloud.autoconfigure.ConfigurationPropertiesRebinderAutoConfiguration' of type [org.springframework.cloud.autoconfigure.ConfigurationPropertiesRebinderAutoConfiguration] is not eligible for getting processed by all BeanPostProcessors (for example: not eligible for auto-proxying)
2021-10-10 20:09:37.745 INFO  com.course.EruekaApplication                      :651  [32m        [0;39m No active profile set, falling back to default profiles: default
2021-10-10 20:09:38.619 WARN  o.springframework.boot.actuate.endpoint.EndpointId:155  [32m        [0;39m Endpoint ID 'service-registry' contains invalid characters, please migrate to a valid format.
2021-10-10 20:09:38.777 INFO  o.springframework.cloud.context.scope.GenericScope:295  [32m        [0;39m BeanFactory id=f844bcfa-4606-35be-872f-7a985de65c67
2021-10-10 20:09:39.061 INFO  o.s.c.s.PostProcessorRegistrationDelegate$BeanPostProcessorChecker:330  [32m        [0;39m Bean 'org.springframework.cloud.autoconfigure.ConfigurationPropertiesRebinderAutoConfiguration' of type [org.springframework.cloud.autoconfigure.ConfigurationPropertiesRebinderAutoConfiguration] is not eligible for getting processed by all BeanPostProcessors (for example: not eligible for auto-proxying)
2021-10-10 20:09:39.315 INFO  o.s.boot.web.embedded.tomcat.TomcatWebServer      :92   [32m        [0;39m Tomcat initialized with port(s): 8761 (http)
2021-10-10 20:09:39.366 INFO  org.apache.coyote.http11.Http11NioProtocol        :173  [32m        [0;39m Initializing ProtocolHandler ["http-nio-8761"]
2021-10-10 20:09:39.367 INFO  org.apache.catalina.core.StandardService          :173  [32m        [0;39m Starting service [Tomcat]
2021-10-10 20:09:39.367 INFO  org.apache.catalina.core.StandardEngine           :173  [32m        [0;39m Starting Servlet engine: [Apache Tomcat/9.0.30]
2021-10-10 20:09:39.459 INFO  o.a.c.core.ContainerBase.[Tomcat].[localhost].[/] :173  [32m        [0;39m Initializing Spring embedded WebApplicationContext
2021-10-10 20:09:39.459 INFO  org.springframework.web.context.ContextLoader     :284  [32m        [0;39m Root WebApplicationContext: initialization completed in 1699 ms
2021-10-10 20:09:39.552 WARN  com.netflix.config.sources.URLConfigurationSource :121  [32m        [0;39m No URLs will be polled as dynamic configuration sources.
2021-10-10 20:09:39.553 INFO  com.netflix.config.sources.URLConfigurationSource :122  [32m        [0;39m To enable URLs as dynamic configuration sources, define System property archaius.configurationSource.additionalUrls or make config.properties available on classpath.
2021-10-10 20:09:39.573 INFO  com.netflix.config.DynamicPropertyFactory         :281  [32m        [0;39m DynamicPropertyFactory is initialized with configuration sources: com.netflix.config.ConcurrentCompositeConfiguration@741f8dbe
2021-10-10 20:09:40.135 INFO  c.s.j.server.impl.application.WebApplicationImpl  :815  [32m        [0;39m Initiating Jersey application, version 'Jersey: 1.19.1 03/11/2016 02:08 PM'
2021-10-10 20:09:40.250 INFO  c.n.discovery.provider.DiscoveryJerseyProvider    :70   [32m        [0;39m Using JSON encoding codec LegacyJacksonJson
2021-10-10 20:09:40.253 INFO  c.n.discovery.provider.DiscoveryJerseyProvider    :71   [32m        [0;39m Using JSON decoding codec LegacyJacksonJson
2021-10-10 20:09:40.504 INFO  c.n.discovery.provider.DiscoveryJerseyProvider    :80   [32m        [0;39m Using XML encoding codec XStreamXml
2021-10-10 20:09:40.505 INFO  c.n.discovery.provider.DiscoveryJerseyProvider    :81   [32m        [0;39m Using XML decoding codec XStreamXml
2021-10-10 20:09:41.047 WARN  com.netflix.config.sources.URLConfigurationSource :121  [32m        [0;39m No URLs will be polled as dynamic configuration sources.
2021-10-10 20:09:41.047 INFO  com.netflix.config.sources.URLConfigurationSource :122  [32m        [0;39m To enable URLs as dynamic configuration sources, define System property archaius.configurationSource.additionalUrls or make config.properties available on classpath.
2021-10-10 20:09:41.368 INFO  o.s.scheduling.concurrent.ThreadPoolTaskExecutor  :171  [32m        [0;39m Initializing ExecutorService 'applicationTaskExecutor'
2021-10-10 20:09:41.766 WARN  o.s.c.l.c.BlockingLoadBalancerClientAutoConfiguration$BlockingLoadBalancerClientRibbonWarnLogger:106  [32m        [0;39m You already have RibbonLoadBalancerClient on your classpath. It will be used by default. As Spring Cloud Ribbon is in maintenance mode. We recommend switching to BlockingLoadBalancerClient instead. In order to use it, set the value of `spring.cloud.loadbalancer.ribbon.enabled` to `false` or remove spring-cloud-starter-netflix-ribbon from your project.
2021-10-10 20:09:41.798 WARN  o.s.c.l.c.LoadBalancerCacheAutoConfiguration$LoadBalancerCaffeineWarnLogger:81   [32m        [0;39m Spring Cloud LoadBalancer is currently working with default default cache. You can switch to using Caffeine cache, by adding it to the classpath.
2021-10-10 20:09:41.817 INFO  o.s.cloud.netflix.eureka.InstanceInfoFactory      :72   [32m        [0;39m Setting initial instance status as: STARTING
2021-10-10 20:09:41.898 INFO  com.netflix.discovery.DiscoveryClient             :365  [32m        [0;39m Initializing Eureka in region us-east-1
2021-10-10 20:09:42.109 INFO  c.n.discovery.provider.DiscoveryJerseyProvider    :70   [32m        [0;39m Using JSON encoding codec LegacyJacksonJson
2021-10-10 20:09:42.110 INFO  c.n.discovery.provider.DiscoveryJerseyProvider    :71   [32m        [0;39m Using JSON decoding codec LegacyJacksonJson
2021-10-10 20:09:42.110 INFO  c.n.discovery.provider.DiscoveryJerseyProvider    :80   [32m        [0;39m Using XML encoding codec XStreamXml
2021-10-10 20:09:42.110 INFO  c.n.discovery.provider.DiscoveryJerseyProvider    :81   [32m        [0;39m Using XML decoding codec XStreamXml
2021-10-10 20:09:42.216 INFO  c.n.d.shared.resolver.aws.ConfigClusterResolver   :43   [32m        [0;39m Resolving eureka endpoints via configuration
2021-10-10 20:09:42.245 INFO  com.netflix.discovery.DiscoveryClient             :1288 [32m        [0;39m Starting heartbeat executor: renew interval is: 30
2021-10-10 20:09:42.250 INFO  com.netflix.discovery.InstanceInfoReplicator      :60   [32m        [0;39m InstanceInfoReplicator onDemand update allowed rate per min is 4
2021-10-10 20:09:42.255 INFO  com.netflix.discovery.DiscoveryClient             :465  [32m        [0;39m Discovery Client initialized at timestamp 1633867782253 with initial instances count: 0
2021-10-10 20:09:42.294 INFO  com.netflix.eureka.DefaultEurekaServerContext     :63   [32m        [0;39m Initializing ...
2021-10-10 20:09:42.295 INFO  com.netflix.eureka.cluster.PeerEurekaNodes        :187  [32m        [0;39m Adding new peer nodes [http://localhost:8761/eureka/]
2021-10-10 20:09:42.302 INFO  c.n.discovery.provider.DiscoveryJerseyProvider    :70   [32m        [0;39m Using JSON encoding codec LegacyJacksonJson
2021-10-10 20:09:42.303 INFO  c.n.discovery.provider.DiscoveryJerseyProvider    :71   [32m        [0;39m Using JSON decoding codec LegacyJacksonJson
2021-10-10 20:09:42.303 INFO  c.n.discovery.provider.DiscoveryJerseyProvider    :80   [32m        [0;39m Using XML encoding codec XStreamXml
2021-10-10 20:09:42.303 INFO  c.n.discovery.provider.DiscoveryJerseyProvider    :81   [32m        [0;39m Using XML decoding codec XStreamXml
2021-10-10 20:09:47.396 INFO  com.netflix.eureka.cluster.PeerEurekaNodes        :109  [32m        [0;39m Replica node URL:  http://localhost:8761/eureka/
2021-10-10 20:09:47.405 INFO  c.netflix.eureka.registry.AbstractInstanceRegistry:151  [32m        [0;39m Finished initializing remote region registries. All known remote regions: []
2021-10-10 20:09:47.406 INFO  com.netflix.eureka.DefaultEurekaServerContext     :70   [32m        [0;39m Initialized
2021-10-10 20:09:47.426 INFO  o.s.b.actuate.endpoint.web.EndpointLinksResolver  :58   [32m        [0;39m Exposing 2 endpoint(s) beneath base path '/actuator'
2021-10-10 20:09:47.470 INFO  o.s.c.n.e.serviceregistry.EurekaServiceRegistry   :41   [32m        [0;39m Registering application ERUEKA with eureka with status UP
2021-10-10 20:09:47.471 INFO  com.netflix.discovery.DiscoveryClient             :1323 [32m        [0;39m Saw local status change event StatusChangeEvent [timestamp=1633867787471, current=UP, previous=STARTING]
2021-10-10 20:09:47.474 INFO  com.netflix.discovery.DiscoveryClient             :844  [32m        [0;39m DiscoveryClient_ERUEKA/192.168.3.38:erueka:8761: registering service...
2021-10-10 20:09:47.476 INFO  o.s.c.netflix.eureka.server.EurekaServerBootstrap :110  [32m        [0;39m Setting the eureka configuration..
2021-10-10 20:09:47.479 INFO  o.s.c.netflix.eureka.server.EurekaServerBootstrap :115  [32m        [0;39m Eureka data center value eureka.datacenter is not set, defaulting to default
2021-10-10 20:09:47.482 INFO  o.s.c.netflix.eureka.server.EurekaServerBootstrap :129  [32m        [0;39m Eureka environment value eureka.environment is not set, defaulting to test
2021-10-10 20:09:47.506 INFO  org.apache.coyote.http11.Http11NioProtocol        :173  [32m        [0;39m Starting ProtocolHandler ["http-nio-8761"]
2021-10-10 20:09:47.508 INFO  o.s.c.netflix.eureka.server.EurekaServerBootstrap :188  [32m        [0;39m isAws returned false
2021-10-10 20:09:47.509 INFO  o.s.c.netflix.eureka.server.EurekaServerBootstrap :153  [32m        [0;39m Initialized server context
2021-10-10 20:09:47.564 INFO  o.s.boot.web.embedded.tomcat.TomcatWebServer      :204  [32m        [0;39m Tomcat started on port(s): 8761 (http) with context path ''
2021-10-10 20:09:47.565 INFO  o.s.c.n.e.s.EurekaAutoServiceRegistration         :145  [32m        [0;39m Updating port to 8761
2021-10-10 20:09:47.570 INFO  com.course.EruekaApplication                      :61   [32m        [0;39m Started EruekaApplication in 30.908 seconds (JVM running for 31.704)
2021-10-10 20:09:47.576 INFO  com.course.EruekaApplication                      :20   [32m        [0;39m 启动成功
2021-10-10 20:09:47.576 INFO  com.course.EruekaApplication                      :21   [32m        [0;39m Eureka 地址：	 http://127.0.0.1:8761
2021-10-10 20:09:47.686 INFO  o.a.c.core.ContainerBase.[Tomcat].[localhost].[/] :173  [32m        [0;39m Initializing Spring DispatcherServlet 'dispatcherServlet'
2021-10-10 20:09:47.686 INFO  org.springframework.web.servlet.DispatcherServlet :525  [32m        [0;39m Initializing Servlet 'dispatcherServlet'
2021-10-10 20:09:47.695 INFO  org.springframework.web.servlet.DispatcherServlet :547  [32m        [0;39m Completed initialization in 9 ms
2021-10-10 20:09:47.774 INFO  c.netflix.eureka.registry.AbstractInstanceRegistry:266  [32m        [0;39m Registered instance ERUEKA/192.168.3.38:erueka:8761 with status UP (replication=false)
2021-10-10 20:09:47.793 INFO  com.netflix.discovery.DiscoveryClient             :853  [32m        [0;39m DiscoveryClient_ERUEKA/192.168.3.38:erueka:8761 - registration status: 204
2021-10-10 20:09:48.309 INFO  c.netflix.eureka.registry.AbstractInstanceRegistry:266  [32m        [0;39m Registered instance ERUEKA/192.168.3.38:erueka:8761 with status UP (replication=true)
2021-10-10 20:11:47.523 INFO  c.n.eureka.registry.PeerAwareInstanceRegistryImpl :241  [32m        [0;39m Got 1 instances from neighboring DS node
2021-10-10 20:11:47.524 INFO  c.n.eureka.registry.PeerAwareInstanceRegistryImpl :242  [32m        [0;39m Renew threshold is: 1
2021-10-10 20:11:47.524 INFO  c.n.eureka.registry.PeerAwareInstanceRegistryImpl :253  [32m        [0;39m Changing status to UP
2021-10-10 20:11:47.536 INFO  o.s.c.n.e.s.EurekaServerInitializerConfiguration  :72   [32m        [0;39m Started Eureka Server
2021-10-10 20:12:47.529 INFO  c.netflix.eureka.registry.AbstractInstanceRegistry:1250 [32m        [0;39m Running the evict task with compensationTime 0ms
2021-10-10 20:13:47.533 INFO  c.netflix.eureka.registry.AbstractInstanceRegistry:1250 [32m        [0;39m Running the evict task with compensationTime 4ms
2021-10-10 20:14:47.475 INFO  c.n.d.shared.resolver.aws.ConfigClusterResolver   :43   [32m        [0;39m Resolving eureka endpoints via configuration
2021-10-10 20:14:47.536 INFO  c.netflix.eureka.registry.AbstractInstanceRegistry:1250 [32m        [0;39m Running the evict task with compensationTime 10ms
2021-10-10 20:15:47.545 INFO  c.netflix.eureka.registry.AbstractInstanceRegistry:1250 [32m        [0;39m Running the evict task with compensationTime 5ms
2021-10-10 21:20:59.010 INFO  c.netflix.eureka.registry.AbstractInstanceRegistry:1250 [32m        [0;39m Running the evict task with compensationTime 10ms
