2021-10-10 19:57:31.857 WARN  org.springframework.boot.StartupInfoLogger        :116  [32m        [0;39m InetAddress.getLocalHost().getHostName() took 5006 milliseconds to respond. Please verify your network configuration (macOS machines may need to add entries to /etc/hosts).
2021-10-10 19:57:36.870 INFO  com.course.SystemApplication               :55   [32m        [0;39m Starting SystemApplication on ShunhedeMacBook-Pro.local with PID 4973 (/Users/shunhewang/IdeaProjects/course/system/target/classes started by shunhewang in /Users/shunhewang/IdeaProjects/course)
2021-10-10 19:57:36.871 INFO  com.course.SystemApplication               :651  [32m        [0;39m No active profile set, falling back to default profiles: default
2021-10-10 19:57:37.825 INFO  o.s.boot.web.embedded.tomcat.TomcatWebServer      :92   [32m        [0;39m Tomcat initialized with port(s): 9001 (http)
2021-10-10 19:57:37.837 INFO  org.apache.coyote.http11.Http11NioProtocol        :173  [32m        [0;39m Initializing ProtocolHandler ["http-nio-9001"]
2021-10-10 19:57:37.837 INFO  org.apache.catalina.core.StandardService          :173  [32m        [0;39m Starting service [Tomcat]
2021-10-10 19:57:37.838 INFO  org.apache.catalina.core.StandardEngine           :173  [32m        [0;39m Starting Servlet engine: [Apache Tomcat/9.0.30]
2021-10-10 19:57:37.910 INFO  o.a.c.core.ContainerBase.[Tomcat].[localhost].[/] :173  [32m        [0;39m Initializing Spring embedded WebApplicationContext
2021-10-10 19:57:37.911 INFO  org.springframework.web.context.ContextLoader     :284  [32m        [0;39m Root WebApplicationContext: initialization completed in 964 ms
2021-10-10 19:57:38.086 INFO  o.s.scheduling.concurrent.ThreadPoolTaskExecutor  :171  [32m        [0;39m Initializing ExecutorService 'applicationTaskExecutor'
2021-10-10 19:57:38.230 INFO  org.apache.coyote.http11.Http11NioProtocol        :173  [32m        [0;39m Starting ProtocolHandler ["http-nio-9001"]
2021-10-10 19:57:38.259 INFO  o.s.boot.web.embedded.tomcat.TomcatWebServer      :204  [32m        [0;39m Tomcat started on port(s): 9001 (http) with context path ''
2021-10-10 19:57:38.262 INFO  com.course.SystemApplication               :61   [32m        [0;39m Started SystemApplication in 21.81 seconds (JVM running for 22.738)
2021-10-10 19:57:38.264 INFO  com.course.SystemApplication               :17   [32m        [0;39m 启动成功
2021-10-10 19:57:38.265 INFO  com.course.SystemApplication               :18   [32m        [0;39m Eureka 地址：	 http://127.0.0.1:9001
2021-10-10 19:57:44.753 INFO  o.a.c.core.ContainerBase.[Tomcat].[localhost].[/] :173  [32m        [0;39m Initializing Spring DispatcherServlet 'dispatcherServlet'
2021-10-10 19:57:44.754 INFO  org.springframework.web.servlet.DispatcherServlet :525  [32m        [0;39m Initializing Servlet 'dispatcherServlet'
2021-10-10 19:57:44.765 INFO  org.springframework.web.servlet.DispatcherServlet :547  [32m        [0;39m Completed initialization in 10 ms
2021-10-10 20:02:43.062 INFO  o.s.scheduling.concurrent.ThreadPoolTaskExecutor  :208  [32m        [0;39m Shutting down ExecutorService 'applicationTaskExecutor'
2021-10-10 20:03:07.493 WARN  org.springframework.boot.StartupInfoLogger        :116  [32m        [0;39m InetAddress.getLocalHost().getHostName() took 5004 milliseconds to respond. Please verify your network configuration (macOS machines may need to add entries to /etc/hosts).
2021-10-10 20:03:12.506 INFO  com.course.SystemApplication               :55   [32m        [0;39m Starting SystemApplication on ShunhedeMacBook-Pro.local with PID 5039 (/Users/shunhewang/IdeaProjects/course/system/target/classes started by shunhewang in /Users/shunhewang/IdeaProjects/course)
2021-10-10 20:03:12.508 INFO  com.course.SystemApplication               :651  [32m        [0;39m No active profile set, falling back to default profiles: default
2021-10-10 20:03:13.526 INFO  o.s.boot.web.embedded.tomcat.TomcatWebServer      :92   [32m        [0;39m Tomcat initialized with port(s): 9001 (http)
2021-10-10 20:03:13.538 INFO  org.apache.coyote.http11.Http11NioProtocol        :173  [32m        [0;39m Initializing ProtocolHandler ["http-nio-9001"]
2021-10-10 20:03:13.539 INFO  org.apache.catalina.core.StandardService          :173  [32m        [0;39m Starting service [Tomcat]
2021-10-10 20:03:13.540 INFO  org.apache.catalina.core.StandardEngine           :173  [32m        [0;39m Starting Servlet engine: [Apache Tomcat/9.0.30]
2021-10-10 20:03:13.613 INFO  o.a.c.core.ContainerBase.[Tomcat].[localhost].[/] :173  [32m        [0;39m Initializing Spring embedded WebApplicationContext
2021-10-10 20:03:13.614 INFO  org.springframework.web.context.ContextLoader     :284  [32m        [0;39m Root WebApplicationContext: initialization completed in 1029 ms
2021-10-10 20:03:13.787 INFO  o.s.scheduling.concurrent.ThreadPoolTaskExecutor  :171  [32m        [0;39m Initializing ExecutorService 'applicationTaskExecutor'
2021-10-10 20:03:13.942 INFO  org.apache.coyote.http11.Http11NioProtocol        :173  [32m        [0;39m Starting ProtocolHandler ["http-nio-9001"]
2021-10-10 20:03:13.975 INFO  o.s.boot.web.embedded.tomcat.TomcatWebServer      :204  [32m        [0;39m Tomcat started on port(s): 9001 (http) with context path ''
2021-10-10 20:03:13.978 INFO  com.course.SystemApplication               :61   [32m        [0;39m Started SystemApplication in 21.894 seconds (JVM running for 22.545)
2021-10-10 20:03:13.980 INFO  com.course.SystemApplication               :17   [32m        [0;39m 启动成功
2021-10-10 20:03:13.980 INFO  com.course.SystemApplication               :18   [32m        [0;39m Eureka 地址：	 http://127.0.0.1:9001
2021-10-10 20:03:27.622 INFO  o.a.c.core.ContainerBase.[Tomcat].[localhost].[/] :173  [32m        [0;39m Initializing Spring DispatcherServlet 'dispatcherServlet'
2021-10-10 20:03:27.623 INFO  org.springframework.web.servlet.DispatcherServlet :525  [32m        [0;39m Initializing Servlet 'dispatcherServlet'
2021-10-10 20:03:27.631 INFO  org.springframework.web.servlet.DispatcherServlet :547  [32m        [0;39m Completed initialization in 8 ms
2021-10-10 20:03:40.783 INFO  o.s.scheduling.concurrent.ThreadPoolTaskExecutor  :208  [32m        [0;39m Shutting down ExecutorService 'applicationTaskExecutor'
2021-10-10 20:09:52.267 WARN  org.springframework.boot.StartupInfoLogger        :116  [32m        [0;39m InetAddress.getLocalHost().getHostName() took 5007 milliseconds to respond. Please verify your network configuration (macOS machines may need to add entries to /etc/hosts).
2021-10-10 20:09:57.278 INFO  com.course.SystemApplication               :55   [32m        [0;39m Starting SystemApplication on ShunhedeMacBook-Pro.local with PID 5141 (/Users/shunhewang/IdeaProjects/course/system/target/classes started by shunhewang in /Users/shunhewang/IdeaProjects/course)
2021-10-10 20:09:57.280 INFO  com.course.SystemApplication               :651  [32m        [0;39m No active profile set, falling back to default profiles: default
2021-10-10 20:09:58.202 INFO  o.s.boot.web.embedded.tomcat.TomcatWebServer      :92   [32m        [0;39m Tomcat initialized with port(s): 9001 (http)
2021-10-10 20:09:58.215 INFO  org.apache.coyote.http11.Http11NioProtocol        :173  [32m        [0;39m Initializing ProtocolHandler ["http-nio-9001"]
2021-10-10 20:09:58.216 INFO  org.apache.catalina.core.StandardService          :173  [32m        [0;39m Starting service [Tomcat]
2021-10-10 20:09:58.216 INFO  org.apache.catalina.core.StandardEngine           :173  [32m        [0;39m Starting Servlet engine: [Apache Tomcat/9.0.30]
2021-10-10 20:09:58.288 INFO  o.a.c.core.ContainerBase.[Tomcat].[localhost].[/] :173  [32m        [0;39m Initializing Spring embedded WebApplicationContext
2021-10-10 20:09:58.288 INFO  org.springframework.web.context.ContextLoader     :284  [32m        [0;39m Root WebApplicationContext: initialization completed in 918 ms
2021-10-10 20:09:58.469 INFO  o.s.scheduling.concurrent.ThreadPoolTaskExecutor  :171  [32m        [0;39m Initializing ExecutorService 'applicationTaskExecutor'
2021-10-10 20:09:58.622 INFO  org.apache.coyote.http11.Http11NioProtocol        :173  [32m        [0;39m Starting ProtocolHandler ["http-nio-9001"]
2021-10-10 20:09:58.656 INFO  o.s.boot.web.embedded.tomcat.TomcatWebServer      :204  [32m        [0;39m Tomcat started on port(s): 9001 (http) with context path ''
2021-10-10 20:09:58.659 INFO  com.course.SystemApplication               :61   [32m        [0;39m Started SystemApplication in 21.806 seconds (JVM running for 22.529)
2021-10-10 20:09:58.660 INFO  com.course.SystemApplication               :19   [32m        [0;39m 启动成功
2021-10-10 20:09:58.661 INFO  com.course.SystemApplication               :20   [32m        [0;39m Eureka 地址：	 http://127.0.0.1:9001
2021-10-10 20:10:01.099 INFO  o.a.c.core.ContainerBase.[Tomcat].[localhost].[/] :173  [32m        [0;39m Initializing Spring DispatcherServlet 'dispatcherServlet'
2021-10-10 20:10:01.099 INFO  org.springframework.web.servlet.DispatcherServlet :525  [32m        [0;39m Initializing Servlet 'dispatcherServlet'
2021-10-10 20:10:01.107 INFO  org.springframework.web.servlet.DispatcherServlet :547  [32m        [0;39m Completed initialization in 7 ms
