2021-10-12 01:01:40.545 INFO  o.s.scheduling.concurrent.ThreadPoolTaskExecutor  :208  [32m        [0;39m Shutting down ExecutorService 'applicationTaskExecutor'
2021-10-12 01:02:19.780 WARN  org.springframework.boot.StartupInfoLogger        :116  [32m        [0;39m InetAddress.getLocalHost().getHostName() took 5002 milliseconds to respond. Please verify your network configuration (macOS machines may need to add entries to /etc/hosts).
2021-10-12 01:02:24.792 INFO  com.course.SystemApplication               :55   [32m        [0;39m Starting SystemApplication on ShunhedeMacBook-Pro.local with PID 5826 (/Users/shunhewang/IdeaProjects/course/system/target/classes started by shunhewang in /Users/shunhewang/IdeaProjects/course)
2021-10-12 01:02:24.794 INFO  com.course.SystemApplication               :651  [32m        [0;39m No active profile set, falling back to default profiles: default
2021-10-12 01:02:25.728 INFO  o.s.boot.web.embedded.tomcat.TomcatWebServer      :92   [32m        [0;39m Tomcat initialized with port(s): 9001 (http)
2021-10-12 01:02:25.741 INFO  org.apache.coyote.http11.Http11NioProtocol        :173  [32m        [0;39m Initializing ProtocolHandler ["http-nio-9001"]
2021-10-12 01:02:25.742 INFO  org.apache.catalina.core.StandardService          :173  [32m        [0;39m Starting service [Tomcat]
2021-10-12 01:02:25.742 INFO  org.apache.catalina.core.StandardEngine           :173  [32m        [0;39m Starting Servlet engine: [Apache Tomcat/9.0.30]
2021-10-12 01:02:25.816 INFO  o.a.c.core.ContainerBase.[Tomcat].[localhost].[/] :173  [32m        [0;39m Initializing Spring embedded WebApplicationContext
2021-10-12 01:02:25.817 INFO  org.springframework.web.context.ContextLoader     :284  [32m        [0;39m Root WebApplicationContext: initialization completed in 939 ms
2021-10-12 01:02:25.977 INFO  o.s.scheduling.concurrent.ThreadPoolTaskExecutor  :171  [32m        [0;39m Initializing ExecutorService 'applicationTaskExecutor'
2021-10-12 01:02:26.119 INFO  org.apache.coyote.http11.Http11NioProtocol        :173  [32m        [0;39m Starting ProtocolHandler ["http-nio-9001"]
2021-10-12 01:02:26.155 INFO  o.s.boot.web.embedded.tomcat.TomcatWebServer      :204  [32m        [0;39m Tomcat started on port(s): 9001 (http) with context path ''
2021-10-12 01:02:26.159 INFO  com.course.SystemApplication               :61   [32m        [0;39m Started SystemApplication in 21.771 seconds (JVM running for 22.332)
2021-10-12 01:02:26.160 INFO  com.course.SystemApplication               :19   [32m        [0;39m 启动成功
2021-10-12 01:02:26.161 INFO  com.course.SystemApplication               :20   [32m        [0;39m system 地址：	 http://127.0.0.1:9001
2021-10-12 01:06:34.891 INFO  o.s.scheduling.concurrent.ThreadPoolTaskExecutor  :208  [32m        [0;39m Shutting down ExecutorService 'applicationTaskExecutor'
2021-10-12 01:07:48.357 WARN  org.springframework.boot.StartupInfoLogger        :116  [32m        [0;39m InetAddress.getLocalHost().getHostName() took 5002 milliseconds to respond. Please verify your network configuration (macOS machines may need to add entries to /etc/hosts).
2021-10-12 01:07:53.373 INFO  com.course.SystemApplication               :55   [32m        [0;39m Starting SystemApplication on ShunhedeMacBook-Pro.local with PID 5853 (/Users/shunhewang/IdeaProjects/course/system/target/classes started by shunhewang in /Users/shunhewang/IdeaProjects/course)
2021-10-12 01:07:53.374 INFO  com.course.SystemApplication               :651  [32m        [0;39m No active profile set, falling back to default profiles: default
2021-10-12 01:07:54.343 INFO  o.s.boot.web.embedded.tomcat.TomcatWebServer      :92   [32m        [0;39m Tomcat initialized with port(s): 9001 (http)
2021-10-12 01:07:54.356 INFO  org.apache.coyote.http11.Http11NioProtocol        :173  [32m        [0;39m Initializing ProtocolHandler ["http-nio-9001"]
2021-10-12 01:07:54.357 INFO  org.apache.catalina.core.StandardService          :173  [32m        [0;39m Starting service [Tomcat]
2021-10-12 01:07:54.357 INFO  org.apache.catalina.core.StandardEngine           :173  [32m        [0;39m Starting Servlet engine: [Apache Tomcat/9.0.30]
2021-10-12 01:07:54.433 INFO  o.a.c.core.ContainerBase.[Tomcat].[localhost].[/] :173  [32m        [0;39m Initializing Spring embedded WebApplicationContext
2021-10-12 01:07:54.434 INFO  org.springframework.web.context.ContextLoader     :284  [32m        [0;39m Root WebApplicationContext: initialization completed in 971 ms
2021-10-12 01:07:54.605 INFO  o.s.scheduling.concurrent.ThreadPoolTaskExecutor  :171  [32m        [0;39m Initializing ExecutorService 'applicationTaskExecutor'
2021-10-12 01:07:54.745 INFO  org.apache.coyote.http11.Http11NioProtocol        :173  [32m        [0;39m Starting ProtocolHandler ["http-nio-9001"]
2021-10-12 01:07:54.773 INFO  o.s.boot.web.embedded.tomcat.TomcatWebServer      :204  [32m        [0;39m Tomcat started on port(s): 9001 (http) with context path ''
2021-10-12 01:07:54.777 INFO  com.course.SystemApplication               :61   [32m        [0;39m Started SystemApplication in 21.772 seconds (JVM running for 22.356)
2021-10-12 01:07:54.778 INFO  com.course.SystemApplication               :19   [32m        [0;39m 启动成功
2021-10-12 01:07:54.778 INFO  com.course.SystemApplication               :20   [32m        [0;39m system 地址：	 http://127.0.0.1:9001
2021-10-12 01:09:38.886 INFO  o.s.scheduling.concurrent.ThreadPoolTaskExecutor  :208  [32m        [0;39m Shutting down ExecutorService 'applicationTaskExecutor'
2021-10-12 01:10:59.549 WARN  org.springframework.boot.StartupInfoLogger        :116  [32m        [0;39m InetAddress.getLocalHost().getHostName() took 5007 milliseconds to respond. Please verify your network configuration (macOS machines may need to add entries to /etc/hosts).
2021-10-12 01:11:04.560 INFO  com.course.SystemApplication               :55   [32m        [0;39m Starting SystemApplication on ShunhedeMacBook-Pro.local with PID 5888 (/Users/shunhewang/IdeaProjects/course/system/target/classes started by shunhewang in /Users/shunhewang/IdeaProjects/course)
2021-10-12 01:11:04.562 INFO  com.course.SystemApplication               :651  [32m        [0;39m No active profile set, falling back to default profiles: default
2021-10-12 01:11:05.606 INFO  o.s.boot.web.embedded.tomcat.TomcatWebServer      :92   [32m        [0;39m Tomcat initialized with port(s): 9001 (http)
2021-10-12 01:11:05.618 INFO  org.apache.coyote.http11.Http11NioProtocol        :173  [32m        [0;39m Initializing ProtocolHandler ["http-nio-9001"]
2021-10-12 01:11:05.619 INFO  org.apache.catalina.core.StandardService          :173  [32m        [0;39m Starting service [Tomcat]
2021-10-12 01:11:05.619 INFO  org.apache.catalina.core.StandardEngine           :173  [32m        [0;39m Starting Servlet engine: [Apache Tomcat/9.0.30]
2021-10-12 01:11:05.686 INFO  o.a.c.core.ContainerBase.[Tomcat].[localhost].[/] :173  [32m        [0;39m Initializing Spring embedded WebApplicationContext
2021-10-12 01:11:05.687 INFO  org.springframework.web.context.ContextLoader     :284  [32m        [0;39m Root WebApplicationContext: initialization completed in 1031 ms
2021-10-12 01:11:05.849 INFO  o.s.scheduling.concurrent.ThreadPoolTaskExecutor  :171  [32m        [0;39m Initializing ExecutorService 'applicationTaskExecutor'
2021-10-12 01:11:05.994 INFO  org.apache.coyote.http11.Http11NioProtocol        :173  [32m        [0;39m Starting ProtocolHandler ["http-nio-9001"]
2021-10-12 01:11:06.028 INFO  o.s.boot.web.embedded.tomcat.TomcatWebServer      :204  [32m        [0;39m Tomcat started on port(s): 9001 (http) with context path ''
2021-10-12 01:11:06.032 INFO  com.course.SystemApplication               :61   [32m        [0;39m Started SystemApplication in 21.837 seconds (JVM running for 22.403)
2021-10-12 01:11:06.033 INFO  com.course.SystemApplication               :19   [32m        [0;39m 启动成功
2021-10-12 01:11:06.033 INFO  com.course.SystemApplication               :20   [32m        [0;39m system 地址：	 http://127.0.0.1:9001
2021-10-12 01:11:22.224 INFO  o.a.c.core.ContainerBase.[Tomcat].[localhost].[/] :173  [32m        [0;39m Initializing Spring DispatcherServlet 'dispatcherServlet'
2021-10-12 01:11:22.225 INFO  org.springframework.web.servlet.DispatcherServlet :525  [32m        [0;39m Initializing Servlet 'dispatcherServlet'
2021-10-12 01:11:22.231 INFO  org.springframework.web.servlet.DispatcherServlet :547  [32m        [0;39m Completed initialization in 6 ms
2021-10-12 01:26:23.350 INFO  o.s.scheduling.concurrent.ThreadPoolTaskExecutor  :208  [32m        [0;39m Shutting down ExecutorService 'applicationTaskExecutor'
2021-10-12 01:27:36.516 WARN  org.springframework.boot.StartupInfoLogger        :116  [32m        [0;39m InetAddress.getLocalHost().getHostName() took 5004 milliseconds to respond. Please verify your network configuration (macOS machines may need to add entries to /etc/hosts).
2021-10-12 01:27:41.533 INFO  com.course.SystemApplication               :55   [32m        [0;39m Starting SystemApplication on ShunhedeMacBook-Pro.local with PID 5942 (/Users/shunhewang/IdeaProjects/course/system/target/classes started by shunhewang in /Users/shunhewang/IdeaProjects/course)
2021-10-12 01:27:41.535 INFO  com.course.SystemApplication               :651  [32m        [0;39m No active profile set, falling back to default profiles: default
2021-10-12 01:27:42.474 INFO  o.s.boot.web.embedded.tomcat.TomcatWebServer      :92   [32m        [0;39m Tomcat initialized with port(s): 9001 (http)
2021-10-12 01:27:42.484 INFO  org.apache.coyote.http11.Http11NioProtocol        :173  [32m        [0;39m Initializing ProtocolHandler ["http-nio-9001"]
2021-10-12 01:27:42.485 INFO  org.apache.catalina.core.StandardService          :173  [32m        [0;39m Starting service [Tomcat]
2021-10-12 01:27:42.485 INFO  org.apache.catalina.core.StandardEngine           :173  [32m        [0;39m Starting Servlet engine: [Apache Tomcat/9.0.30]
2021-10-12 01:27:42.549 INFO  o.a.c.core.ContainerBase.[Tomcat].[localhost].[/] :173  [32m        [0;39m Initializing Spring embedded WebApplicationContext
2021-10-12 01:27:42.549 INFO  org.springframework.web.context.ContextLoader     :284  [32m        [0;39m Root WebApplicationContext: initialization completed in 928 ms
2021-10-12 01:27:42.791 INFO  o.s.scheduling.concurrent.ThreadPoolTaskExecutor  :171  [32m        [0;39m Initializing ExecutorService 'applicationTaskExecutor'
2021-10-12 01:27:42.950 INFO  org.apache.coyote.http11.Http11NioProtocol        :173  [32m        [0;39m Starting ProtocolHandler ["http-nio-9001"]
2021-10-12 01:27:42.980 INFO  o.s.boot.web.embedded.tomcat.TomcatWebServer      :204  [32m        [0;39m Tomcat started on port(s): 9001 (http) with context path ''
2021-10-12 01:27:42.984 INFO  com.course.SystemApplication               :61   [32m        [0;39m Started SystemApplication in 21.993 seconds (JVM running for 22.579)
2021-10-12 01:27:42.985 INFO  com.course.SystemApplication               :19   [32m        [0;39m 启动成功
2021-10-12 01:27:42.986 INFO  com.course.SystemApplication               :20   [32m        [0;39m system 地址：	 http://127.0.0.1:9001
2021-10-12 01:29:29.449 INFO  o.s.scheduling.concurrent.ThreadPoolTaskExecutor  :208  [32m        [0;39m Shutting down ExecutorService 'applicationTaskExecutor'
2021-10-12 01:29:46.854 WARN  org.springframework.boot.StartupInfoLogger        :116  [32m        [0;39m InetAddress.getLocalHost().getHostName() took 5007 milliseconds to respond. Please verify your network configuration (macOS machines may need to add entries to /etc/hosts).
2021-10-12 01:29:51.867 INFO  com.course.SystemApplication               :55   [32m        [0;39m Starting SystemApplication on ShunhedeMacBook-Pro.local with PID 5952 (/Users/shunhewang/IdeaProjects/course/system/target/classes started by shunhewang in /Users/shunhewang/IdeaProjects/course)
2021-10-12 01:29:51.869 INFO  com.course.SystemApplication               :651  [32m        [0;39m No active profile set, falling back to default profiles: default
2021-10-12 01:29:52.725 INFO  o.s.boot.web.embedded.tomcat.TomcatWebServer      :92   [32m        [0;39m Tomcat initialized with port(s): 9001 (http)
2021-10-12 01:29:52.737 INFO  org.apache.coyote.http11.Http11NioProtocol        :173  [32m        [0;39m Initializing ProtocolHandler ["http-nio-9001"]
2021-10-12 01:29:52.738 INFO  org.apache.catalina.core.StandardService          :173  [32m        [0;39m Starting service [Tomcat]
2021-10-12 01:29:52.738 INFO  org.apache.catalina.core.StandardEngine           :173  [32m        [0;39m Starting Servlet engine: [Apache Tomcat/9.0.30]
2021-10-12 01:29:52.807 INFO  o.a.c.core.ContainerBase.[Tomcat].[localhost].[/] :173  [32m        [0;39m Initializing Spring embedded WebApplicationContext
2021-10-12 01:29:52.808 INFO  org.springframework.web.context.ContextLoader     :284  [32m        [0;39m Root WebApplicationContext: initialization completed in 863 ms
2021-10-12 01:29:52.970 INFO  o.s.scheduling.concurrent.ThreadPoolTaskExecutor  :171  [32m        [0;39m Initializing ExecutorService 'applicationTaskExecutor'
2021-10-12 01:29:53.111 INFO  org.apache.coyote.http11.Http11NioProtocol        :173  [32m        [0;39m Starting ProtocolHandler ["http-nio-9001"]
2021-10-12 01:29:53.143 INFO  o.s.boot.web.embedded.tomcat.TomcatWebServer      :204  [32m        [0;39m Tomcat started on port(s): 9001 (http) with context path ''
2021-10-12 01:29:53.146 INFO  com.course.SystemApplication               :61   [32m        [0;39m Started SystemApplication in 21.672 seconds (JVM running for 22.245)
2021-10-12 01:29:53.148 INFO  com.course.SystemApplication               :19   [32m        [0;39m 启动成功
2021-10-12 01:29:53.148 INFO  com.course.SystemApplication               :20   [32m        [0;39m system 地址：	 http://127.0.0.1:9001
2021-10-12 01:30:33.701 INFO  o.s.scheduling.concurrent.ThreadPoolTaskExecutor  :208  [32m        [0;39m Shutting down ExecutorService 'applicationTaskExecutor'
2021-10-12 01:32:27.241 WARN  org.springframework.boot.StartupInfoLogger        :116  [32m        [0;39m InetAddress.getLocalHost().getHostName() took 5006 milliseconds to respond. Please verify your network configuration (macOS machines may need to add entries to /etc/hosts).
2021-10-12 01:32:32.253 INFO  com.course.SystemApplication               :55   [32m        [0;39m Starting SystemApplication on ShunhedeMacBook-Pro.local with PID 5969 (/Users/shunhewang/IdeaProjects/course/system/target/classes started by shunhewang in /Users/shunhewang/IdeaProjects/course)
2021-10-12 01:32:32.256 INFO  com.course.SystemApplication               :651  [32m        [0;39m No active profile set, falling back to default profiles: default
2021-10-12 01:32:33.181 INFO  o.s.boot.web.embedded.tomcat.TomcatWebServer      :92   [32m        [0;39m Tomcat initialized with port(s): 9001 (http)
2021-10-12 01:32:33.192 INFO  org.apache.coyote.http11.Http11NioProtocol        :173  [32m        [0;39m Initializing ProtocolHandler ["http-nio-9001"]
2021-10-12 01:32:33.193 INFO  org.apache.catalina.core.StandardService          :173  [32m        [0;39m Starting service [Tomcat]
2021-10-12 01:32:33.193 INFO  org.apache.catalina.core.StandardEngine           :173  [32m        [0;39m Starting Servlet engine: [Apache Tomcat/9.0.30]
2021-10-12 01:32:33.257 INFO  o.a.c.core.ContainerBase.[Tomcat].[localhost].[/] :173  [32m        [0;39m Initializing Spring embedded WebApplicationContext
2021-10-12 01:32:33.258 INFO  org.springframework.web.context.ContextLoader     :284  [32m        [0;39m Root WebApplicationContext: initialization completed in 916 ms
2021-10-12 01:32:33.405 INFO  o.s.scheduling.concurrent.ThreadPoolTaskExecutor  :171  [32m        [0;39m Initializing ExecutorService 'applicationTaskExecutor'
2021-10-12 01:32:33.553 INFO  org.apache.coyote.http11.Http11NioProtocol        :173  [32m        [0;39m Starting ProtocolHandler ["http-nio-9001"]
2021-10-12 01:32:33.585 INFO  o.s.boot.web.embedded.tomcat.TomcatWebServer      :204  [32m        [0;39m Tomcat started on port(s): 9001 (http) with context path ''
2021-10-12 01:32:33.588 INFO  com.course.SystemApplication               :61   [32m        [0;39m Started SystemApplication in 21.724 seconds (JVM running for 22.292)
2021-10-12 01:32:33.590 INFO  com.course.SystemApplication               :19   [32m        [0;39m 启动成功
2021-10-12 01:32:33.590 INFO  com.course.SystemApplication               :20   [32m        [0;39m system 地址：	 http://127.0.0.1:9001
2021-10-12 01:36:09.344 INFO  o.s.scheduling.concurrent.ThreadPoolTaskExecutor  :208  [32m        [0;39m Shutting down ExecutorService 'applicationTaskExecutor'
2021-10-12 01:38:51.691 WARN  org.springframework.boot.StartupInfoLogger        :116  [32m        [0;39m InetAddress.getLocalHost().getHostName() took 5005 milliseconds to respond. Please verify your network configuration (macOS machines may need to add entries to /etc/hosts).
2021-10-12 01:38:56.699 INFO  com.course.SystemApplication               :55   [32m        [0;39m Starting SystemApplication on ShunhedeMacBook-Pro.local with PID 6067 (/Users/shunhewang/IdeaProjects/course/system/target/classes started by shunhewang in /Users/shunhewang/IdeaProjects/course)
2021-10-12 01:38:56.700 INFO  com.course.SystemApplication               :651  [32m        [0;39m No active profile set, falling back to default profiles: default
2021-10-12 01:38:57.695 INFO  o.s.boot.web.embedded.tomcat.TomcatWebServer      :92   [32m        [0;39m Tomcat initialized with port(s): 9001 (http)
2021-10-12 01:38:57.707 INFO  org.apache.coyote.http11.Http11NioProtocol        :173  [32m        [0;39m Initializing ProtocolHandler ["http-nio-9001"]
2021-10-12 01:38:57.708 INFO  org.apache.catalina.core.StandardService          :173  [32m        [0;39m Starting service [Tomcat]
2021-10-12 01:38:57.709 INFO  org.apache.catalina.core.StandardEngine           :173  [32m        [0;39m Starting Servlet engine: [Apache Tomcat/9.0.30]
2021-10-12 01:38:57.777 INFO  o.a.c.core.ContainerBase.[Tomcat].[localhost].[/] :173  [32m        [0;39m Initializing Spring embedded WebApplicationContext
2021-10-12 01:38:57.778 INFO  org.springframework.web.context.ContextLoader     :284  [32m        [0;39m Root WebApplicationContext: initialization completed in 997 ms
2021-10-12 01:38:57.943 INFO  o.s.scheduling.concurrent.ThreadPoolTaskExecutor  :171  [32m        [0;39m Initializing ExecutorService 'applicationTaskExecutor'
2021-10-12 01:38:58.087 INFO  org.apache.coyote.http11.Http11NioProtocol        :173  [32m        [0;39m Starting ProtocolHandler ["http-nio-9001"]
2021-10-12 01:38:58.120 INFO  o.s.boot.web.embedded.tomcat.TomcatWebServer      :204  [32m        [0;39m Tomcat started on port(s): 9001 (http) with context path ''
2021-10-12 01:38:58.124 INFO  com.course.SystemApplication               :61   [32m        [0;39m Started SystemApplication in 21.759 seconds (JVM running for 22.309)
2021-10-12 01:38:58.126 INFO  com.course.SystemApplication               :19   [32m        [0;39m 启动成功
2021-10-12 01:38:58.126 INFO  com.course.SystemApplication               :20   [32m        [0;39m system 地址：	 http://127.0.0.1:9001
2021-10-12 01:42:23.552 INFO  o.s.scheduling.concurrent.ThreadPoolTaskExecutor  :208  [32m        [0;39m Shutting down ExecutorService 'applicationTaskExecutor'
